[0.157s] Invoking command in '/home/zane-francis/ros2_ws/build/yahboom_rosmaster_bringup': CMAKE_PREFIX_PATH=${CMAKE_PREFIX_PATH}:/opt/ros/jazzy DEBUGINFOD_URLS=https://debuginfod.ubuntu.com /usr/bin/cmake --build /home/zane-francis/ros2_ws/build/yahboom_rosmaster_bringup -- -j12 -l12
[0.311s] Invoked command in '/home/zane-francis/ros2_ws/build/yahboom_rosmaster_bringup' returned '0': CMAKE_PREFIX_PATH=${CMAKE_PREFIX_PATH}:/opt/ros/jazzy DEBUGINFOD_URLS=https://debuginfod.ubuntu.com /usr/bin/cmake --build /home/zane-francis/ros2_ws/build/yahboom_rosmaster_bringup -- -j12 -l12
[0.318s] Invoking command in '/home/zane-francis/ros2_ws/build/yahboom_rosmaster_bringup': CMAKE_PREFIX_PATH=${CMAKE_PREFIX_PATH}:/opt/ros/jazzy DEBUGINFOD_URLS=https://debuginfod.ubuntu.com /usr/bin/cmake --install /home/zane-francis/ros2_ws/build/yahboom_rosmaster_bringup
[0.353s] -- Install configuration: ""
[0.355s] -- Execute custom install script
[0.359s] -- Up-to-date symlink: /home/zane-francis/ros2_ws/install/yahboom_rosmaster_bringup/share/yahboom_rosmaster_bringup/launch/load_ros2_controllers.launch.py
[0.359s] -- Up-to-date symlink: /home/zane-francis/ros2_ws/install/yahboom_rosmaster_bringup/share/yahboom_rosmaster_bringup/launch/rosmaster_x3_navigation.launch.py
[0.360s] -- Up-to-date symlink: /home/zane-francis/ros2_ws/install/yahboom_rosmaster_bringup/share/yahboom_rosmaster_bringup/scripts/rosmaster_x3_gazebo.sh
[0.361s] -- Up-to-date symlink: /home/zane-francis/ros2_ws/install/yahboom_rosmaster_bringup/share/yahboom_rosmaster_bringup/scripts/rosmaster_x3_navigation.sh
[0.362s] -- Up-to-date symlink: /home/zane-francis/ros2_ws/install/yahboom_rosmaster_bringup/share/ament_index/resource_index/package_run_dependencies/yahboom_rosmaster_bringup
[0.362s] -- Up-to-date symlink: /home/zane-francis/ros2_ws/install/yahboom_rosmaster_bringup/share/ament_index/resource_index/parent_prefix_path/yahboom_rosmaster_bringup
[0.362s] -- Up-to-date symlink: /home/zane-francis/ros2_ws/install/yahboom_rosmaster_bringup/share/yahboom_rosmaster_bringup/environment/ament_prefix_path.sh
[0.362s] -- Up-to-date symlink: /home/zane-francis/ros2_ws/install/yahboom_rosmaster_bringup/share/yahboom_rosmaster_bringup/environment/ament_prefix_path.dsv
[0.363s] -- Up-to-date symlink: /home/zane-francis/ros2_ws/install/yahboom_rosmaster_bringup/share/yahboom_rosmaster_bringup/environment/path.sh
[0.365s] -- Up-to-date symlink: /home/zane-francis/ros2_ws/install/yahboom_rosmaster_bringup/share/yahboom_rosmaster_bringup/environment/path.dsv
[0.366s] -- Up-to-date symlink: /home/zane-francis/ros2_ws/install/yahboom_rosmaster_bringup/share/yahboom_rosmaster_bringup/local_setup.bash
[0.367s] -- Up-to-date symlink: /home/zane-francis/ros2_ws/install/yahboom_rosmaster_bringup/share/yahboom_rosmaster_bringup/local_setup.sh
[0.367s] -- Up-to-date symlink: /home/zane-francis/ros2_ws/install/yahboom_rosmaster_bringup/share/yahboom_rosmaster_bringup/local_setup.zsh
[0.367s] -- Up-to-date symlink: /home/zane-francis/ros2_ws/install/yahboom_rosmaster_bringup/share/yahboom_rosmaster_bringup/local_setup.dsv
[0.368s] -- Symlinking: /home/zane-francis/ros2_ws/install/yahboom_rosmaster_bringup/share/yahboom_rosmaster_bringup/package.dsv
[0.392s] -- Up-to-date symlink: /home/zane-francis/ros2_ws/install/yahboom_rosmaster_bringup/share/ament_index/resource_index/packages/yahboom_rosmaster_bringup
[0.392s] -- Up-to-date symlink: /home/zane-francis/ros2_ws/install/yahboom_rosmaster_bringup/share/yahboom_rosmaster_bringup/cmake/yahboom_rosmaster_bringupConfig.cmake
[0.393s] -- Up-to-date symlink: /home/zane-francis/ros2_ws/install/yahboom_rosmaster_bringup/share/yahboom_rosmaster_bringup/cmake/yahboom_rosmaster_bringupConfig-version.cmake
[0.393s] -- Up-to-date symlink: /home/zane-francis/ros2_ws/install/yahboom_rosmaster_bringup/share/yahboom_rosmaster_bringup/package.xml
[0.600s] Invoked command in '/home/zane-francis/ros2_ws/build/yahboom_rosmaster_bringup' returned '0': CMAKE_PREFIX_PATH=${CMAKE_PREFIX_PATH}:/opt/ros/jazzy DEBUGINFOD_URLS=https://debuginfod.ubuntu.com /usr/bin/cmake --install /home/zane-francis/ros2_ws/build/yahboom_rosmaster_bringup
