[0.112s] Invoking command in '/home/zane-francis/ros2_ws/build/mecanum_drive_controller': CMAKE_PREFIX_PATH=${CMAKE_PREFIX_PATH}:/opt/ros/jazzy DEBUGINFOD_URLS=https://debuginfod.ubuntu.com /usr/bin/cmake --build /home/zane-francis/ros2_ws/build/mecanum_drive_controller -- -j12 -l12
[0.277s] [ 33%] Built target mecanum_drive_controller_parameters
[0.431s] [ 50%] [32mBuilding CXX object CMakeFiles/mecanum_drive_controller.dir/src/mecanum_drive_controller.cpp.o[0m
[24.226s] [ 66%] [32m[1mLinking CXX shared library libmecanum_drive_controller.so[0m
[25.529s] [100%] Built target mecanum_drive_controller
[25.557s] Invoked command in '/home/zane-francis/ros2_ws/build/mecanum_drive_controller' returned '0': CMAKE_PREFIX_PATH=${CMAKE_PREFIX_PATH}:/opt/ros/jazzy DEBUGINFOD_URLS=https://debuginfod.ubuntu.com /usr/bin/cmake --build /home/zane-francis/ros2_ws/build/mecanum_drive_controller -- -j12 -l12
[25.560s] Invoking command in '/home/zane-francis/ros2_ws/build/mecanum_drive_controller': CMAKE_PREFIX_PATH=${CMAKE_PREFIX_PATH}:/opt/ros/jazzy DEBUGINFOD_URLS=https://debuginfod.ubuntu.com /usr/bin/cmake --install /home/zane-francis/ros2_ws/build/mecanum_drive_controller
[25.583s] -- Install configuration: ""
[25.585s] -- Execute custom install script
[25.586s] -- Up-to-date symlink: /home/zane-francis/ros2_ws/install/mecanum_drive_controller/include/mecanum_drive_controller/mecanum_drive_controller_parameters.hpp
[25.587s] -- Up-to-date symlink: /home/zane-francis/ros2_ws/install/mecanum_drive_controller/share/mecanum_drive_controller//mecanum_drive_plugin.xml
[25.588s] -- Up-to-date symlink: /home/zane-francis/ros2_ws/install/mecanum_drive_controller/include/mecanum_drive_controller/mecanum_drive_controller/mecanum_drive_controller.hpp
[25.588s] -- Up-to-date symlink: /home/zane-francis/ros2_ws/install/mecanum_drive_controller/include/mecanum_drive_controller/mecanum_drive_controller/odometry.hpp
[25.589s] -- Up-to-date symlink: /home/zane-francis/ros2_ws/install/mecanum_drive_controller/include/mecanum_drive_controller/mecanum_drive_controller/speed_limiter.hpp
[25.589s] -- Up-to-date symlink: /home/zane-francis/ros2_ws/install/mecanum_drive_controller/include/mecanum_drive_controller/mecanum_drive_controller/visibility_control.h
[25.589s] -- Up-to-date symlink: /home/zane-francis/ros2_ws/install/mecanum_drive_controller/share/mecanum_drive_controller/environment/library_path.sh
[25.590s] -- Up-to-date symlink: /home/zane-francis/ros2_ws/install/mecanum_drive_controller/share/mecanum_drive_controller/environment/library_path.dsv
[25.591s] -- Up-to-date symlink: /home/zane-francis/ros2_ws/install/mecanum_drive_controller/share/ament_index/resource_index/package_run_dependencies/mecanum_drive_controller
[25.591s] -- Up-to-date symlink: /home/zane-francis/ros2_ws/install/mecanum_drive_controller/share/ament_index/resource_index/parent_prefix_path/mecanum_drive_controller
[25.591s] -- Up-to-date symlink: /home/zane-francis/ros2_ws/install/mecanum_drive_controller/share/mecanum_drive_controller/environment/ament_prefix_path.sh
[25.592s] -- Up-to-date symlink: /home/zane-francis/ros2_ws/install/mecanum_drive_controller/share/mecanum_drive_controller/environment/ament_prefix_path.dsv
[25.592s] -- Up-to-date symlink: /home/zane-francis/ros2_ws/install/mecanum_drive_controller/share/mecanum_drive_controller/environment/path.sh
[25.593s] -- Up-to-date symlink: /home/zane-francis/ros2_ws/install/mecanum_drive_controller/share/mecanum_drive_controller/environment/path.dsv
[25.593s] -- Up-to-date symlink: /home/zane-francis/ros2_ws/install/mecanum_drive_controller/share/mecanum_drive_controller/local_setup.bash
[25.594s] -- Up-to-date symlink: /home/zane-francis/ros2_ws/install/mecanum_drive_controller/share/mecanum_drive_controller/local_setup.sh
[25.594s] -- Up-to-date symlink: /home/zane-francis/ros2_ws/install/mecanum_drive_controller/share/mecanum_drive_controller/local_setup.zsh
[25.594s] -- Up-to-date symlink: /home/zane-francis/ros2_ws/install/mecanum_drive_controller/share/mecanum_drive_controller/local_setup.dsv
[25.595s] -- Symlinking: /home/zane-francis/ros2_ws/install/mecanum_drive_controller/share/mecanum_drive_controller/package.dsv
[25.618s] -- Up-to-date symlink: /home/zane-francis/ros2_ws/install/mecanum_drive_controller/share/ament_index/resource_index/packages/mecanum_drive_controller
[25.619s] -- Up-to-date symlink: /home/zane-francis/ros2_ws/install/mecanum_drive_controller/share/ament_index/resource_index/controller_interface__pluginlib__plugin/mecanum_drive_controller
[25.619s] -- Up-to-date symlink: /home/zane-francis/ros2_ws/install/mecanum_drive_controller/share/mecanum_drive_controller/cmake/ament_cmake_export_dependencies-extras.cmake
[25.619s] -- Up-to-date symlink: /home/zane-francis/ros2_ws/install/mecanum_drive_controller/share/mecanum_drive_controller/cmake/ament_cmake_export_targets-extras.cmake
[25.619s] -- Up-to-date symlink: /home/zane-francis/ros2_ws/install/mecanum_drive_controller/share/mecanum_drive_controller/cmake/mecanum_drive_controllerConfig.cmake
[25.619s] -- Up-to-date symlink: /home/zane-francis/ros2_ws/install/mecanum_drive_controller/share/mecanum_drive_controller/cmake/mecanum_drive_controllerConfig-version.cmake
[25.620s] -- Up-to-date symlink: /home/zane-francis/ros2_ws/install/mecanum_drive_controller/share/mecanum_drive_controller/package.xml
[25.620s] -- Installing: /home/zane-francis/ros2_ws/install/mecanum_drive_controller/lib/libmecanum_drive_controller.so
[25.632s] -- Set non-toolchain portion of runtime path of "/home/zane-francis/ros2_ws/install/mecanum_drive_controller/lib/libmecanum_drive_controller.so" to ""
[25.632s] -- Up-to-date: /home/zane-francis/ros2_ws/install/mecanum_drive_controller/share/mecanum_drive_controller/cmake/export_mecanum_drive_controllerExport.cmake
[25.633s] -- Up-to-date: /home/zane-francis/ros2_ws/install/mecanum_drive_controller/share/mecanum_drive_controller/cmake/export_mecanum_drive_controllerExport-noconfig.cmake
[25.638s] Invoked command in '/home/zane-francis/ros2_ws/build/mecanum_drive_controller' returned '0': CMAKE_PREFIX_PATH=${CMAKE_PREFIX_PATH}:/opt/ros/jazzy DEBUGINFOD_URLS=https://debuginfod.ubuntu.com /usr/bin/cmake --install /home/zane-francis/ros2_ws/build/mecanum_drive_controller
