[0.140s] Invoking command in '/home/zanef/ros2_ws/build/yahboom_rosmaster_localization': CMAKE_PREFIX_PATH=${CMAKE_PREFIX_PATH}:/opt/ros/jazzy /usr/bin/cmake --build /home/zanef/ros2_ws/build/yahboom_rosmaster_localization -- -j12 -l12
[0.286s] -- Found ament_cmake: 2.5.5 (/opt/ros/jazzy/share/ament_cmake/cmake)
[1.050s] -- Override CMake install command with custom implementation using symlinks instead of copying resources
[1.101s] -- Found robot_localization: 3.8.3 (/opt/ros/jazzy/share/robot_localization/cmake)
[1.509s] -- Found rosidl_generator_c: 4.6.7 (/opt/ros/jazzy/share/rosidl_generator_c/cmake)
[1.528s] -- Found rosidl_generator_cpp: 4.6.7 (/opt/ros/jazzy/share/rosidl_generator_cpp/cmake)
[1.579s] -- Using all available rosidl_typesupport_c: rosidl_typesupport_fastrtps_c;rosidl_typesupport_introspection_c
[1.615s] -- Using all available rosidl_typesupport_cpp: rosidl_typesupport_fastrtps_cpp;rosidl_typesupport_introspection_cpp
[2.064s] -- Found ament_lint_auto: 0.17.4 (/opt/ros/jazzy/share/ament_lint_auto/cmake)
[2.231s] -- Added test 'flake8' to check Python code syntax and style conventions
[2.231s] -- Configured 'flake8' exclude dirs and/or files: 
[2.231s] -- Added test 'lint_cmake' to check CMake code style
[2.232s] -- Added test 'pep257' to check Python code against some of the docstring style conventions in PEP 257
[2.233s] -- Added test 'xmllint' to check XML markup files
[2.237s] -- Configuring done (2.0s)
[2.255s] -- Generating done (0.0s)
[2.258s] -- Build files have been written to: /home/zanef/ros2_ws/build/yahboom_rosmaster_localization
[2.291s] Invoked command in '/home/zanef/ros2_ws/build/yahboom_rosmaster_localization' returned '0': CMAKE_PREFIX_PATH=${CMAKE_PREFIX_PATH}:/opt/ros/jazzy /usr/bin/cmake --build /home/zanef/ros2_ws/build/yahboom_rosmaster_localization -- -j12 -l12
[2.293s] Invoking command in '/home/zanef/ros2_ws/build/yahboom_rosmaster_localization': CMAKE_PREFIX_PATH=${CMAKE_PREFIX_PATH}:/opt/ros/jazzy /usr/bin/cmake --install /home/zanef/ros2_ws/build/yahboom_rosmaster_localization
[2.305s] -- Install configuration: ""
[2.306s] -- Execute custom install script
[2.306s] -- Up-to-date symlink: /home/zanef/ros2_ws/install/yahboom_rosmaster_localization/share/yahboom_rosmaster_localization/config/ekf.yaml
[2.307s] -- Up-to-date symlink: /home/zanef/ros2_ws/install/yahboom_rosmaster_localization/share/yahboom_rosmaster_localization/launch/ekf_gazebo.launch.py
[2.307s] -- Up-to-date symlink: /home/zanef/ros2_ws/install/yahboom_rosmaster_localization/share/ament_index/resource_index/package_run_dependencies/yahboom_rosmaster_localization
[2.308s] -- Up-to-date symlink: /home/zanef/ros2_ws/install/yahboom_rosmaster_localization/share/ament_index/resource_index/parent_prefix_path/yahboom_rosmaster_localization
[2.309s] -- Up-to-date symlink: /home/zanef/ros2_ws/install/yahboom_rosmaster_localization/share/yahboom_rosmaster_localization/environment/ament_prefix_path.sh
[2.309s] -- Up-to-date symlink: /home/zanef/ros2_ws/install/yahboom_rosmaster_localization/share/yahboom_rosmaster_localization/environment/ament_prefix_path.dsv
[2.309s] -- Up-to-date symlink: /home/zanef/ros2_ws/install/yahboom_rosmaster_localization/share/yahboom_rosmaster_localization/environment/path.sh
[2.309s] -- Up-to-date symlink: /home/zanef/ros2_ws/install/yahboom_rosmaster_localization/share/yahboom_rosmaster_localization/environment/path.dsv
[2.310s] -- Up-to-date symlink: /home/zanef/ros2_ws/install/yahboom_rosmaster_localization/share/yahboom_rosmaster_localization/local_setup.bash
[2.310s] -- Up-to-date symlink: /home/zanef/ros2_ws/install/yahboom_rosmaster_localization/share/yahboom_rosmaster_localization/local_setup.sh
[2.310s] -- Up-to-date symlink: /home/zanef/ros2_ws/install/yahboom_rosmaster_localization/share/yahboom_rosmaster_localization/local_setup.zsh
[2.310s] -- Up-to-date symlink: /home/zanef/ros2_ws/install/yahboom_rosmaster_localization/share/yahboom_rosmaster_localization/local_setup.dsv
[2.310s] -- Symlinking: /home/zanef/ros2_ws/install/yahboom_rosmaster_localization/share/yahboom_rosmaster_localization/package.dsv
[2.324s] -- Up-to-date symlink: /home/zanef/ros2_ws/install/yahboom_rosmaster_localization/share/ament_index/resource_index/packages/yahboom_rosmaster_localization
[2.325s] -- Up-to-date symlink: /home/zanef/ros2_ws/install/yahboom_rosmaster_localization/share/yahboom_rosmaster_localization/cmake/yahboom_rosmaster_localizationConfig.cmake
[2.326s] -- Up-to-date symlink: /home/zanef/ros2_ws/install/yahboom_rosmaster_localization/share/yahboom_rosmaster_localization/cmake/yahboom_rosmaster_localizationConfig-version.cmake
[2.326s] -- Up-to-date symlink: /home/zanef/ros2_ws/install/yahboom_rosmaster_localization/share/yahboom_rosmaster_localization/package.xml
[2.330s] Invoked command in '/home/zanef/ros2_ws/build/yahboom_rosmaster_localization' returned '0': CMAKE_PREFIX_PATH=${CMAKE_PREFIX_PATH}:/opt/ros/jazzy /usr/bin/cmake --install /home/zanef/ros2_ws/build/yahboom_rosmaster_localization
