[0.129s] Invoking command in '/home/zane-francis/ros2_ws/build/yahboom_rosmaster_navigation': CMAKE_PREFIX_PATH=${CMAKE_PREFIX_PATH}:/opt/ros/jazzy DEBUGINFOD_URLS=https://debuginfod.ubuntu.com /usr/bin/cmake --build /home/zane-francis/ros2_ws/build/yahboom_rosmaster_navigation -- -j12 -l12
[0.346s] [  0%] Built target ament_cmake_python_symlink_yahboom_rosmaster_navigation
[0.451s] [100%] Built target cmd_vel_relay
[0.952s] running egg_info
[1.012s] writing yahboom_rosmaster_navigation.egg-info/PKG-INFO
[1.012s] writing dependency_links to yahboom_rosmaster_navigation.egg-info/dependency_links.txt
[1.013s] writing top-level names to yahboom_rosmaster_navigation.egg-info/top_level.txt
[1.186s] reading manifest file 'yahboom_rosmaster_navigation.egg-info/SOURCES.txt'
[1.188s] writing manifest file 'yahboom_rosmaster_navigation.egg-info/SOURCES.txt'
[1.267s] [100%] Built target ament_cmake_python_build_yahboom_rosmaster_navigation_egg
[1.295s] Invoked command in '/home/zane-francis/ros2_ws/build/yahboom_rosmaster_navigation' returned '0': CMAKE_PREFIX_PATH=${CMAKE_PREFIX_PATH}:/opt/ros/jazzy DEBUGINFOD_URLS=https://debuginfod.ubuntu.com /usr/bin/cmake --build /home/zane-francis/ros2_ws/build/yahboom_rosmaster_navigation -- -j12 -l12
[1.297s] Invoking command in '/home/zane-francis/ros2_ws/build/yahboom_rosmaster_navigation': CMAKE_PREFIX_PATH=${CMAKE_PREFIX_PATH}:/opt/ros/jazzy DEBUGINFOD_URLS=https://debuginfod.ubuntu.com /usr/bin/cmake --install /home/zane-francis/ros2_ws/build/yahboom_rosmaster_navigation
[1.317s] -- Install configuration: ""
[1.319s] -- Execute custom install script
[1.320s] -- Up-to-date symlink: /home/zane-francis/ros2_ws/install/yahboom_rosmaster_navigation/lib/yahboom_rosmaster_navigation/cmd_vel_relay
[1.321s] -- Up-to-date symlink: /home/zane-francis/ros2_ws/install/yahboom_rosmaster_navigation/share/yahboom_rosmaster_navigation/config/rosmaster_x3_nav2_default_params.yaml
[1.321s] -- Up-to-date symlink: /home/zane-francis/ros2_ws/install/yahboom_rosmaster_navigation/share/yahboom_rosmaster_navigation/config/rosmaster_x3_nav2_regulated_pure_pursuit_controller.yaml
[1.322s] -- Up-to-date symlink: /home/zane-francis/ros2_ws/install/yahboom_rosmaster_navigation/share/yahboom_rosmaster_navigation/maps/cafe_world_map.pgm
[1.322s] -- Up-to-date symlink: /home/zane-francis/ros2_ws/install/yahboom_rosmaster_navigation/share/yahboom_rosmaster_navigation/maps/cafe_world_map.yaml
[1.322s] -- Up-to-date symlink: /home/zane-francis/ros2_ws/install/yahboom_rosmaster_navigation/share/yahboom_rosmaster_navigation/maps/house_world_map.pgm
[1.322s] -- Up-to-date symlink: /home/zane-francis/ros2_ws/install/yahboom_rosmaster_navigation/share/yahboom_rosmaster_navigation/maps/house_world_map.yaml
[1.323s] -- Up-to-date symlink: /home/zane-francis/ros2_ws/install/yahboom_rosmaster_navigation/share/yahboom_rosmaster_navigation/rviz/nav2_default_view.rviz
[1.324s] -- Up-to-date symlink: /home/zane-francis/ros2_ws/install/yahboom_rosmaster_navigation/share/yahboom_rosmaster_navigation/environment/pythonpath.sh
[1.324s] -- Up-to-date symlink: /home/zane-francis/ros2_ws/install/yahboom_rosmaster_navigation/share/yahboom_rosmaster_navigation/environment/pythonpath.dsv
[1.326s] -- Up-to-date symlink: /home/zane-francis/ros2_ws/install/yahboom_rosmaster_navigation/lib/python3.12/site-packages/yahboom_rosmaster_navigation-0.0.0-py3.12.egg-info/PKG-INFO
[1.326s] -- Up-to-date symlink: /home/zane-francis/ros2_ws/install/yahboom_rosmaster_navigation/lib/python3.12/site-packages/yahboom_rosmaster_navigation-0.0.0-py3.12.egg-info/SOURCES.txt
[1.326s] -- Up-to-date symlink: /home/zane-francis/ros2_ws/install/yahboom_rosmaster_navigation/lib/python3.12/site-packages/yahboom_rosmaster_navigation-0.0.0-py3.12.egg-info/dependency_links.txt
[1.326s] -- Up-to-date symlink: /home/zane-francis/ros2_ws/install/yahboom_rosmaster_navigation/lib/python3.12/site-packages/yahboom_rosmaster_navigation-0.0.0-py3.12.egg-info/top_level.txt
[1.328s] -- Up-to-date symlink: /home/zane-francis/ros2_ws/install/yahboom_rosmaster_navigation/lib/python3.12/site-packages/yahboom_rosmaster_navigation/__init__.py
[1.328s] -- Up-to-date symlink: /home/zane-francis/ros2_ws/install/yahboom_rosmaster_navigation/lib/python3.12/site-packages/yahboom_rosmaster_navigation/posestamped_msg_generator.py
[1.328s] -- Up-to-date symlink: /home/zane-francis/ros2_ws/install/yahboom_rosmaster_navigation/lib/yahboom_rosmaster_navigation/assisted_teleoperation.py
[1.329s] -- Up-to-date symlink: /home/zane-francis/ros2_ws/install/yahboom_rosmaster_navigation/lib/yahboom_rosmaster_navigation/nav_to_pose.py
[1.329s] -- Up-to-date symlink: /home/zane-francis/ros2_ws/install/yahboom_rosmaster_navigation/lib/yahboom_rosmaster_navigation/test_nav_to_pose.py
[1.329s] -- Up-to-date symlink: /home/zane-francis/ros2_ws/install/yahboom_rosmaster_navigation/share/ament_index/resource_index/package_run_dependencies/yahboom_rosmaster_navigation
[1.330s] -- Up-to-date symlink: /home/zane-francis/ros2_ws/install/yahboom_rosmaster_navigation/share/ament_index/resource_index/parent_prefix_path/yahboom_rosmaster_navigation
[1.330s] -- Up-to-date symlink: /home/zane-francis/ros2_ws/install/yahboom_rosmaster_navigation/share/yahboom_rosmaster_navigation/environment/ament_prefix_path.sh
[1.331s] -- Up-to-date symlink: /home/zane-francis/ros2_ws/install/yahboom_rosmaster_navigation/share/yahboom_rosmaster_navigation/environment/ament_prefix_path.dsv
[1.331s] -- Up-to-date symlink: /home/zane-francis/ros2_ws/install/yahboom_rosmaster_navigation/share/yahboom_rosmaster_navigation/environment/path.sh
[1.332s] -- Up-to-date symlink: /home/zane-francis/ros2_ws/install/yahboom_rosmaster_navigation/share/yahboom_rosmaster_navigation/environment/path.dsv
[1.332s] -- Up-to-date symlink: /home/zane-francis/ros2_ws/install/yahboom_rosmaster_navigation/share/yahboom_rosmaster_navigation/local_setup.bash
[1.333s] -- Up-to-date symlink: /home/zane-francis/ros2_ws/install/yahboom_rosmaster_navigation/share/yahboom_rosmaster_navigation/local_setup.sh
[1.333s] -- Up-to-date symlink: /home/zane-francis/ros2_ws/install/yahboom_rosmaster_navigation/share/yahboom_rosmaster_navigation/local_setup.zsh
[1.334s] -- Up-to-date symlink: /home/zane-francis/ros2_ws/install/yahboom_rosmaster_navigation/share/yahboom_rosmaster_navigation/local_setup.dsv
[1.334s] -- Symlinking: /home/zane-francis/ros2_ws/install/yahboom_rosmaster_navigation/share/yahboom_rosmaster_navigation/package.dsv
[1.358s] -- Up-to-date symlink: /home/zane-francis/ros2_ws/install/yahboom_rosmaster_navigation/share/ament_index/resource_index/packages/yahboom_rosmaster_navigation
[1.359s] -- Up-to-date symlink: /home/zane-francis/ros2_ws/install/yahboom_rosmaster_navigation/share/yahboom_rosmaster_navigation/cmake/yahboom_rosmaster_navigationConfig.cmake
[1.359s] -- Up-to-date symlink: /home/zane-francis/ros2_ws/install/yahboom_rosmaster_navigation/share/yahboom_rosmaster_navigation/cmake/yahboom_rosmaster_navigationConfig-version.cmake
[1.362s] -- Up-to-date symlink: /home/zane-francis/ros2_ws/install/yahboom_rosmaster_navigation/share/yahboom_rosmaster_navigation/package.xml
[1.434s] Listing '/home/zane-francis/ros2_ws/install/yahboom_rosmaster_navigation/lib/python3.12/site-packages/yahboom_rosmaster_navigation'...
[1.446s] Invoked command in '/home/zane-francis/ros2_ws/build/yahboom_rosmaster_navigation' returned '0': CMAKE_PREFIX_PATH=${CMAKE_PREFIX_PATH}:/opt/ros/jazzy DEBUGINFOD_URLS=https://debuginfod.ubuntu.com /usr/bin/cmake --install /home/zane-francis/ros2_ws/build/yahboom_rosmaster_navigation
