[0.177s] Invoking command in '/home/zane-francis/ros2_ws/build/yahboom_rosmaster_msgs': CMAKE_PREFIX_PATH=${CMAKE_PREFIX_PATH}:/opt/ros/jazzy DEBUGINFOD_URLS=https://debuginfod.ubuntu.com /usr/bin/cmake --build /home/zane-francis/ros2_ws/build/yahboom_rosmaster_msgs -- -j12 -l12
[0.347s] [  2%] Built target yahboom_rosmaster_msgs__rs
[0.357s] [  4%] Built target yahboom_rosmaster_msgs__rosidl_generator_type_description
[0.369s] [  4%] Built target ament_cmake_python_symlink_yahboom_rosmaster_msgs
[0.408s] [  6%] Built target yahboom_rosmaster_msgs__cpp
[0.521s] [ 24%] Built target yahboom_rosmaster_msgs__rosidl_generator_c
[0.628s] [ 33%] Built target yahboom_rosmaster_msgs__rosidl_typesupport_introspection_c
[0.629s] [ 42%] Built target yahboom_rosmaster_msgs__rosidl_typesupport_cpp
[0.648s] [ 51%] Built target yahboom_rosmaster_msgs__rosidl_typesupport_fastrtps_cpp
[0.654s] [ 60%] Built target yahboom_rosmaster_msgs__rosidl_typesupport_c
[0.674s] [ 68%] Built target yahboom_rosmaster_msgs__rosidl_typesupport_introspection_cpp
[0.679s] [ 77%] Built target yahboom_rosmaster_msgs__rosidl_typesupport_fastrtps_c
[0.724s] [ 77%] Built target yahboom_rosmaster_msgs
[0.726s] [ 80%] Built target yahboom_rosmaster_msgs__py
[0.761s] [ 86%] Built target yahboom_rosmaster_msgs__rosidl_generator_py
[0.818s] [ 91%] Built target yahboom_rosmaster_msgs_s__rosidl_typesupport_fastrtps_c
[0.819s] [ 95%] Built target yahboom_rosmaster_msgs_s__rosidl_typesupport_c
[0.829s] [100%] Built target yahboom_rosmaster_msgs_s__rosidl_typesupport_introspection_c
[0.953s] running egg_info
[0.989s] writing yahboom_rosmaster_msgs.egg-info/PKG-INFO
[0.990s] writing dependency_links to yahboom_rosmaster_msgs.egg-info/dependency_links.txt
[0.990s] writing top-level names to yahboom_rosmaster_msgs.egg-info/top_level.txt
[1.148s] reading manifest file 'yahboom_rosmaster_msgs.egg-info/SOURCES.txt'
[1.150s] writing manifest file 'yahboom_rosmaster_msgs.egg-info/SOURCES.txt'
[1.224s] [100%] Built target ament_cmake_python_build_yahboom_rosmaster_msgs_egg
[1.258s] Invoked command in '/home/zane-francis/ros2_ws/build/yahboom_rosmaster_msgs' returned '0': CMAKE_PREFIX_PATH=${CMAKE_PREFIX_PATH}:/opt/ros/jazzy DEBUGINFOD_URLS=https://debuginfod.ubuntu.com /usr/bin/cmake --build /home/zane-francis/ros2_ws/build/yahboom_rosmaster_msgs -- -j12 -l12
[1.261s] Invoking command in '/home/zane-francis/ros2_ws/build/yahboom_rosmaster_msgs': CMAKE_PREFIX_PATH=${CMAKE_PREFIX_PATH}:/opt/ros/jazzy DEBUGINFOD_URLS=https://debuginfod.ubuntu.com /usr/bin/cmake --install /home/zane-francis/ros2_ws/build/yahboom_rosmaster_msgs
[1.282s] -- Install configuration: ""
[1.285s] -- Execute custom install script
[1.286s] -- Up-to-date symlink: /home/zane-francis/ros2_ws/install/yahboom_rosmaster_msgs/share/ament_index/resource_index/rosidl_interfaces/yahboom_rosmaster_msgs
[1.286s] -- Up-to-date symlink: /home/zane-francis/ros2_ws/install/yahboom_rosmaster_msgs/share/yahboom_rosmaster_msgs/action/TimedRotation.json
[1.286s] -- Up-to-date symlink: /home/zane-francis/ros2_ws/install/yahboom_rosmaster_msgs/share/yahboom_rosmaster_msgs/srv/SetCleaningState.json
[1.287s] -- Up-to-date symlink: /home/zane-francis/ros2_ws/install/yahboom_rosmaster_msgs/include/yahboom_rosmaster_msgs/yahboom_rosmaster_msgs/action/detail/timed_rotation__functions.h
[1.287s] -- Up-to-date symlink: /home/zane-francis/ros2_ws/install/yahboom_rosmaster_msgs/include/yahboom_rosmaster_msgs/yahboom_rosmaster_msgs/action/detail/timed_rotation__struct.h
[1.287s] -- Up-to-date symlink: /home/zane-francis/ros2_ws/install/yahboom_rosmaster_msgs/include/yahboom_rosmaster_msgs/yahboom_rosmaster_msgs/action/detail/timed_rotation__type_support.h
[1.288s] -- Up-to-date symlink: /home/zane-francis/ros2_ws/install/yahboom_rosmaster_msgs/include/yahboom_rosmaster_msgs/yahboom_rosmaster_msgs/action/timed_rotation.h
[1.288s] -- Up-to-date symlink: /home/zane-francis/ros2_ws/install/yahboom_rosmaster_msgs/include/yahboom_rosmaster_msgs/yahboom_rosmaster_msgs/msg/rosidl_generator_c__visibility_control.h
[1.288s] -- Up-to-date symlink: /home/zane-francis/ros2_ws/install/yahboom_rosmaster_msgs/include/yahboom_rosmaster_msgs/yahboom_rosmaster_msgs/srv/detail/set_cleaning_state__functions.h
[1.288s] -- Up-to-date symlink: /home/zane-francis/ros2_ws/install/yahboom_rosmaster_msgs/include/yahboom_rosmaster_msgs/yahboom_rosmaster_msgs/srv/detail/set_cleaning_state__struct.h
[1.288s] -- Up-to-date symlink: /home/zane-francis/ros2_ws/install/yahboom_rosmaster_msgs/include/yahboom_rosmaster_msgs/yahboom_rosmaster_msgs/srv/detail/set_cleaning_state__type_support.h
[1.289s] -- Up-to-date symlink: /home/zane-francis/ros2_ws/install/yahboom_rosmaster_msgs/include/yahboom_rosmaster_msgs/yahboom_rosmaster_msgs/srv/set_cleaning_state.h
[1.289s] -- Up-to-date symlink: /home/zane-francis/ros2_ws/install/yahboom_rosmaster_msgs/share/yahboom_rosmaster_msgs/environment/library_path.sh
[1.290s] -- Up-to-date symlink: /home/zane-francis/ros2_ws/install/yahboom_rosmaster_msgs/share/yahboom_rosmaster_msgs/environment/library_path.dsv
[1.291s] -- Up-to-date symlink: /home/zane-francis/ros2_ws/install/yahboom_rosmaster_msgs/include/yahboom_rosmaster_msgs/yahboom_rosmaster_msgs/action/detail/timed_rotation__rosidl_typesupport_fastrtps_c.h
[1.292s] -- Up-to-date symlink: /home/zane-francis/ros2_ws/install/yahboom_rosmaster_msgs/include/yahboom_rosmaster_msgs/yahboom_rosmaster_msgs/msg/rosidl_typesupport_fastrtps_c__visibility_control.h
[1.292s] -- Up-to-date symlink: /home/zane-francis/ros2_ws/install/yahboom_rosmaster_msgs/include/yahboom_rosmaster_msgs/yahboom_rosmaster_msgs/srv/detail/set_cleaning_state__rosidl_typesupport_fastrtps_c.h
[1.293s] -- Up-to-date symlink: /home/zane-francis/ros2_ws/install/yahboom_rosmaster_msgs/include/yahboom_rosmaster_msgs/yahboom_rosmaster_msgs/action/detail/timed_rotation__rosidl_typesupport_introspection_c.h
[1.294s] -- Up-to-date symlink: /home/zane-francis/ros2_ws/install/yahboom_rosmaster_msgs/include/yahboom_rosmaster_msgs/yahboom_rosmaster_msgs/msg/rosidl_typesupport_introspection_c__visibility_control.h
[1.294s] -- Up-to-date symlink: /home/zane-francis/ros2_ws/install/yahboom_rosmaster_msgs/include/yahboom_rosmaster_msgs/yahboom_rosmaster_msgs/srv/detail/set_cleaning_state__rosidl_typesupport_introspection_c.h
[1.294s] -- Up-to-date symlink: /home/zane-francis/ros2_ws/install/yahboom_rosmaster_msgs/include/yahboom_rosmaster_msgs/yahboom_rosmaster_msgs/action/detail/timed_rotation__builder.hpp
[1.295s] -- Up-to-date symlink: /home/zane-francis/ros2_ws/install/yahboom_rosmaster_msgs/include/yahboom_rosmaster_msgs/yahboom_rosmaster_msgs/action/detail/timed_rotation__struct.hpp
[1.295s] -- Up-to-date symlink: /home/zane-francis/ros2_ws/install/yahboom_rosmaster_msgs/include/yahboom_rosmaster_msgs/yahboom_rosmaster_msgs/action/detail/timed_rotation__traits.hpp
[1.295s] -- Up-to-date symlink: /home/zane-francis/ros2_ws/install/yahboom_rosmaster_msgs/include/yahboom_rosmaster_msgs/yahboom_rosmaster_msgs/action/detail/timed_rotation__type_support.hpp
[1.295s] -- Up-to-date symlink: /home/zane-francis/ros2_ws/install/yahboom_rosmaster_msgs/include/yahboom_rosmaster_msgs/yahboom_rosmaster_msgs/action/timed_rotation.hpp
[1.296s] -- Up-to-date symlink: /home/zane-francis/ros2_ws/install/yahboom_rosmaster_msgs/include/yahboom_rosmaster_msgs/yahboom_rosmaster_msgs/msg/rosidl_generator_cpp__visibility_control.hpp
[1.296s] -- Up-to-date symlink: /home/zane-francis/ros2_ws/install/yahboom_rosmaster_msgs/include/yahboom_rosmaster_msgs/yahboom_rosmaster_msgs/srv/detail/set_cleaning_state__builder.hpp
[1.296s] -- Up-to-date symlink: /home/zane-francis/ros2_ws/install/yahboom_rosmaster_msgs/include/yahboom_rosmaster_msgs/yahboom_rosmaster_msgs/srv/detail/set_cleaning_state__struct.hpp
[1.297s] -- Up-to-date symlink: /home/zane-francis/ros2_ws/install/yahboom_rosmaster_msgs/include/yahboom_rosmaster_msgs/yahboom_rosmaster_msgs/srv/detail/set_cleaning_state__traits.hpp
[1.297s] -- Up-to-date symlink: /home/zane-francis/ros2_ws/install/yahboom_rosmaster_msgs/include/yahboom_rosmaster_msgs/yahboom_rosmaster_msgs/srv/detail/set_cleaning_state__type_support.hpp
[1.297s] -- Up-to-date symlink: /home/zane-francis/ros2_ws/install/yahboom_rosmaster_msgs/include/yahboom_rosmaster_msgs/yahboom_rosmaster_msgs/srv/set_cleaning_state.hpp
[1.298s] -- Up-to-date symlink: /home/zane-francis/ros2_ws/install/yahboom_rosmaster_msgs/include/yahboom_rosmaster_msgs/yahboom_rosmaster_msgs/action/detail/timed_rotation__rosidl_typesupport_fastrtps_cpp.hpp
[1.298s] -- Up-to-date symlink: /home/zane-francis/ros2_ws/install/yahboom_rosmaster_msgs/include/yahboom_rosmaster_msgs/yahboom_rosmaster_msgs/msg/rosidl_typesupport_fastrtps_cpp__visibility_control.h
[1.298s] -- Up-to-date symlink: /home/zane-francis/ros2_ws/install/yahboom_rosmaster_msgs/include/yahboom_rosmaster_msgs/yahboom_rosmaster_msgs/srv/detail/set_cleaning_state__rosidl_typesupport_fastrtps_cpp.hpp
[1.299s] -- Up-to-date symlink: /home/zane-francis/ros2_ws/install/yahboom_rosmaster_msgs/include/yahboom_rosmaster_msgs/yahboom_rosmaster_msgs/action/detail/timed_rotation__rosidl_typesupport_introspection_cpp.hpp
[1.299s] -- Up-to-date symlink: /home/zane-francis/ros2_ws/install/yahboom_rosmaster_msgs/include/yahboom_rosmaster_msgs/yahboom_rosmaster_msgs/srv/detail/set_cleaning_state__rosidl_typesupport_introspection_cpp.hpp
[1.299s] -- Up-to-date symlink: /home/zane-francis/ros2_ws/install/yahboom_rosmaster_msgs/share/yahboom_rosmaster_msgs/environment/pythonpath.sh
[1.299s] -- Up-to-date symlink: /home/zane-francis/ros2_ws/install/yahboom_rosmaster_msgs/share/yahboom_rosmaster_msgs/environment/pythonpath.dsv
[1.300s] -- Up-to-date symlink: /home/zane-francis/ros2_ws/install/yahboom_rosmaster_msgs/lib/python3.12/site-packages/yahboom_rosmaster_msgs-0.0.0-py3.12.egg-info/PKG-INFO
[1.300s] -- Up-to-date symlink: /home/zane-francis/ros2_ws/install/yahboom_rosmaster_msgs/lib/python3.12/site-packages/yahboom_rosmaster_msgs-0.0.0-py3.12.egg-info/SOURCES.txt
[1.300s] -- Up-to-date symlink: /home/zane-francis/ros2_ws/install/yahboom_rosmaster_msgs/lib/python3.12/site-packages/yahboom_rosmaster_msgs-0.0.0-py3.12.egg-info/dependency_links.txt
[1.300s] -- Up-to-date symlink: /home/zane-francis/ros2_ws/install/yahboom_rosmaster_msgs/lib/python3.12/site-packages/yahboom_rosmaster_msgs-0.0.0-py3.12.egg-info/top_level.txt
[1.301s] -- Up-to-date symlink: /home/zane-francis/ros2_ws/install/yahboom_rosmaster_msgs/lib/python3.12/site-packages/yahboom_rosmaster_msgs/__init__.py
[1.302s] -- Up-to-date symlink: /home/zane-francis/ros2_ws/install/yahboom_rosmaster_msgs/lib/python3.12/site-packages/yahboom_rosmaster_msgs/_yahboom_rosmaster_msgs_s.ep.rosidl_typesupport_c.c
[1.302s] -- Up-to-date symlink: /home/zane-francis/ros2_ws/install/yahboom_rosmaster_msgs/lib/python3.12/site-packages/yahboom_rosmaster_msgs/_yahboom_rosmaster_msgs_s.ep.rosidl_typesupport_fastrtps_c.c
[1.302s] -- Up-to-date symlink: /home/zane-francis/ros2_ws/install/yahboom_rosmaster_msgs/lib/python3.12/site-packages/yahboom_rosmaster_msgs/_yahboom_rosmaster_msgs_s.ep.rosidl_typesupport_introspection_c.c
[1.302s] -- Up-to-date symlink: /home/zane-francis/ros2_ws/install/yahboom_rosmaster_msgs/lib/python3.12/site-packages/yahboom_rosmaster_msgs/action/__init__.py
[1.302s] -- Up-to-date symlink: /home/zane-francis/ros2_ws/install/yahboom_rosmaster_msgs/lib/python3.12/site-packages/yahboom_rosmaster_msgs/action/_timed_rotation.py
[1.303s] -- Up-to-date symlink: /home/zane-francis/ros2_ws/install/yahboom_rosmaster_msgs/lib/python3.12/site-packages/yahboom_rosmaster_msgs/action/_timed_rotation_s.c
[1.303s] -- Up-to-date symlink: /home/zane-francis/ros2_ws/install/yahboom_rosmaster_msgs/lib/python3.12/site-packages/yahboom_rosmaster_msgs/srv/__init__.py
[1.304s] -- Up-to-date symlink: /home/zane-francis/ros2_ws/install/yahboom_rosmaster_msgs/lib/python3.12/site-packages/yahboom_rosmaster_msgs/srv/_set_cleaning_state.py
[1.305s] -- Up-to-date symlink: /home/zane-francis/ros2_ws/install/yahboom_rosmaster_msgs/lib/python3.12/site-packages/yahboom_rosmaster_msgs/srv/_set_cleaning_state_s.c
[1.306s] -- Up-to-date symlink: /home/zane-francis/ros2_ws/install/yahboom_rosmaster_msgs/lib/python3.12/site-packages/yahboom_rosmaster_msgs/yahboom_rosmaster_msgs_s__rosidl_typesupport_c.so
[1.306s] -- Up-to-date symlink: /home/zane-francis/ros2_ws/install/yahboom_rosmaster_msgs/lib/python3.12/site-packages/yahboom_rosmaster_msgs/yahboom_rosmaster_msgs_s__rosidl_typesupport_fastrtps_c.so
[1.307s] -- Up-to-date symlink: /home/zane-francis/ros2_ws/install/yahboom_rosmaster_msgs/lib/python3.12/site-packages/yahboom_rosmaster_msgs/yahboom_rosmaster_msgs_s__rosidl_typesupport_introspection_c.so
[1.308s] -- Up-to-date symlink: /home/zane-francis/ros2_ws/install/yahboom_rosmaster_msgs/lib/python3.12/site-packages/yahboom_rosmaster_msgs/yahboom_rosmaster_msgs_s__rosidl_typesupport_fastrtps_c.so
[1.309s] -- Up-to-date symlink: /home/zane-francis/ros2_ws/install/yahboom_rosmaster_msgs/lib/python3.12/site-packages/yahboom_rosmaster_msgs/yahboom_rosmaster_msgs_s__rosidl_typesupport_introspection_c.so
[1.310s] -- Up-to-date symlink: /home/zane-francis/ros2_ws/install/yahboom_rosmaster_msgs/lib/python3.12/site-packages/yahboom_rosmaster_msgs/yahboom_rosmaster_msgs_s__rosidl_typesupport_c.so
[1.310s] -- Up-to-date symlink: /home/zane-francis/ros2_ws/install/yahboom_rosmaster_msgs/share/ament_index/resource_index/rust_packages/yahboom_rosmaster_msgs
[1.311s] -- Up-to-date symlink: /home/zane-francis/ros2_ws/install/yahboom_rosmaster_msgs/share/yahboom_rosmaster_msgs/rust/Cargo.toml
[1.311s] -- Up-to-date symlink: /home/zane-francis/ros2_ws/install/yahboom_rosmaster_msgs/share/yahboom_rosmaster_msgs/rust/build.rs
[1.311s] -- Up-to-date symlink: /home/zane-francis/ros2_ws/install/yahboom_rosmaster_msgs/share/yahboom_rosmaster_msgs/rust/src/action.rs
[1.311s] -- Up-to-date symlink: /home/zane-francis/ros2_ws/install/yahboom_rosmaster_msgs/share/yahboom_rosmaster_msgs/rust/src/action/rmw.rs
[1.311s] -- Up-to-date symlink: /home/zane-francis/ros2_ws/install/yahboom_rosmaster_msgs/share/yahboom_rosmaster_msgs/rust/src/lib.rs
[1.312s] -- Up-to-date symlink: /home/zane-francis/ros2_ws/install/yahboom_rosmaster_msgs/share/yahboom_rosmaster_msgs/rust/src/srv.rs
[1.312s] -- Up-to-date symlink: /home/zane-francis/ros2_ws/install/yahboom_rosmaster_msgs/share/yahboom_rosmaster_msgs/rust/src/srv/rmw.rs
[1.313s] -- Up-to-date symlink: /home/zane-francis/ros2_ws/install/yahboom_rosmaster_msgs/share/yahboom_rosmaster_msgs/action/TimedRotation.idl
[1.313s] -- Up-to-date symlink: /home/zane-francis/ros2_ws/install/yahboom_rosmaster_msgs/share/yahboom_rosmaster_msgs/srv/SetCleaningState.idl
[1.313s] -- Up-to-date symlink: /home/zane-francis/ros2_ws/install/yahboom_rosmaster_msgs/share/yahboom_rosmaster_msgs/action/TimedRotation.action
[1.313s] -- Up-to-date symlink: /home/zane-francis/ros2_ws/install/yahboom_rosmaster_msgs/share/yahboom_rosmaster_msgs/srv/SetCleaningState.srv
[1.313s] -- Up-to-date symlink: /home/zane-francis/ros2_ws/install/yahboom_rosmaster_msgs/share/ament_index/resource_index/package_run_dependencies/yahboom_rosmaster_msgs
[1.314s] -- Up-to-date symlink: /home/zane-francis/ros2_ws/install/yahboom_rosmaster_msgs/share/ament_index/resource_index/parent_prefix_path/yahboom_rosmaster_msgs
[1.314s] -- Up-to-date symlink: /home/zane-francis/ros2_ws/install/yahboom_rosmaster_msgs/share/yahboom_rosmaster_msgs/environment/ament_prefix_path.sh
[1.315s] -- Up-to-date symlink: /home/zane-francis/ros2_ws/install/yahboom_rosmaster_msgs/share/yahboom_rosmaster_msgs/environment/ament_prefix_path.dsv
[1.315s] -- Up-to-date symlink: /home/zane-francis/ros2_ws/install/yahboom_rosmaster_msgs/share/yahboom_rosmaster_msgs/environment/path.sh
[1.315s] -- Up-to-date symlink: /home/zane-francis/ros2_ws/install/yahboom_rosmaster_msgs/share/yahboom_rosmaster_msgs/environment/path.dsv
[1.315s] -- Up-to-date symlink: /home/zane-francis/ros2_ws/install/yahboom_rosmaster_msgs/share/yahboom_rosmaster_msgs/local_setup.bash
[1.316s] -- Up-to-date symlink: /home/zane-francis/ros2_ws/install/yahboom_rosmaster_msgs/share/yahboom_rosmaster_msgs/local_setup.sh
[1.316s] -- Up-to-date symlink: /home/zane-francis/ros2_ws/install/yahboom_rosmaster_msgs/share/yahboom_rosmaster_msgs/local_setup.zsh
[1.316s] -- Up-to-date symlink: /home/zane-francis/ros2_ws/install/yahboom_rosmaster_msgs/share/yahboom_rosmaster_msgs/local_setup.dsv
[1.316s] -- Symlinking: /home/zane-francis/ros2_ws/install/yahboom_rosmaster_msgs/share/yahboom_rosmaster_msgs/package.dsv
[1.329s] -- Up-to-date symlink: /home/zane-francis/ros2_ws/install/yahboom_rosmaster_msgs/share/ament_index/resource_index/packages/yahboom_rosmaster_msgs
[1.330s] -- Up-to-date symlink: /home/zane-francis/ros2_ws/install/yahboom_rosmaster_msgs/share/yahboom_rosmaster_msgs/cmake/rosidl_cmake-extras.cmake
[1.330s] -- Up-to-date symlink: /home/zane-francis/ros2_ws/install/yahboom_rosmaster_msgs/share/yahboom_rosmaster_msgs/cmake/ament_cmake_export_dependencies-extras.cmake
[1.330s] -- Up-to-date symlink: /home/zane-francis/ros2_ws/install/yahboom_rosmaster_msgs/share/yahboom_rosmaster_msgs/cmake/ament_cmake_export_include_directories-extras.cmake
[1.330s] -- Up-to-date symlink: /home/zane-francis/ros2_ws/install/yahboom_rosmaster_msgs/share/yahboom_rosmaster_msgs/cmake/ament_cmake_export_libraries-extras.cmake
[1.331s] -- Up-to-date symlink: /home/zane-francis/ros2_ws/install/yahboom_rosmaster_msgs/share/yahboom_rosmaster_msgs/cmake/ament_cmake_export_targets-extras.cmake
[1.332s] -- Up-to-date symlink: /home/zane-francis/ros2_ws/install/yahboom_rosmaster_msgs/share/yahboom_rosmaster_msgs/cmake/rosidl_cmake_export_typesupport_targets-extras.cmake
[1.332s] -- Up-to-date symlink: /home/zane-francis/ros2_ws/install/yahboom_rosmaster_msgs/share/yahboom_rosmaster_msgs/cmake/rosidl_cmake_export_typesupport_libraries-extras.cmake
[1.332s] -- Up-to-date symlink: /home/zane-francis/ros2_ws/install/yahboom_rosmaster_msgs/share/yahboom_rosmaster_msgs/cmake/yahboom_rosmaster_msgsConfig.cmake
[1.333s] -- Up-to-date symlink: /home/zane-francis/ros2_ws/install/yahboom_rosmaster_msgs/share/yahboom_rosmaster_msgs/cmake/yahboom_rosmaster_msgsConfig-version.cmake
[1.334s] -- Up-to-date symlink: /home/zane-francis/ros2_ws/install/yahboom_rosmaster_msgs/share/yahboom_rosmaster_msgs/package.xml
[1.334s] -- Up-to-date: /home/zane-francis/ros2_ws/install/yahboom_rosmaster_msgs/lib/libyahboom_rosmaster_msgs__rosidl_generator_c.so
[1.334s] -- Up-to-date: /home/zane-francis/ros2_ws/install/yahboom_rosmaster_msgs/lib/libyahboom_rosmaster_msgs__rosidl_typesupport_fastrtps_c.so
[1.335s] -- Up-to-date: /home/zane-francis/ros2_ws/install/yahboom_rosmaster_msgs/lib/libyahboom_rosmaster_msgs__rosidl_typesupport_introspection_c.so
[1.335s] -- Up-to-date: /home/zane-francis/ros2_ws/install/yahboom_rosmaster_msgs/lib/libyahboom_rosmaster_msgs__rosidl_typesupport_c.so
[1.336s] -- Up-to-date: /home/zane-francis/ros2_ws/install/yahboom_rosmaster_msgs/lib/libyahboom_rosmaster_msgs__rosidl_typesupport_fastrtps_cpp.so
[1.336s] -- Up-to-date: /home/zane-francis/ros2_ws/install/yahboom_rosmaster_msgs/lib/libyahboom_rosmaster_msgs__rosidl_typesupport_introspection_cpp.so
[1.336s] -- Up-to-date: /home/zane-francis/ros2_ws/install/yahboom_rosmaster_msgs/lib/libyahboom_rosmaster_msgs__rosidl_typesupport_cpp.so
[1.437s] Listing '/home/zane-francis/ros2_ws/install/yahboom_rosmaster_msgs/lib/python3.12/site-packages/yahboom_rosmaster_msgs'...
[1.437s] Listing '/home/zane-francis/ros2_ws/install/yahboom_rosmaster_msgs/lib/python3.12/site-packages/yahboom_rosmaster_msgs/action'...
[1.437s] Listing '/home/zane-francis/ros2_ws/install/yahboom_rosmaster_msgs/lib/python3.12/site-packages/yahboom_rosmaster_msgs/srv'...
[1.445s] -- Up-to-date: /home/zane-francis/ros2_ws/install/yahboom_rosmaster_msgs/lib/libyahboom_rosmaster_msgs__rosidl_generator_py.so
[1.445s] -- Up-to-date: /home/zane-francis/ros2_ws/install/yahboom_rosmaster_msgs/share/yahboom_rosmaster_msgs/cmake/export_yahboom_rosmaster_msgs__rosidl_generator_cExport.cmake
[1.445s] -- Up-to-date: /home/zane-francis/ros2_ws/install/yahboom_rosmaster_msgs/share/yahboom_rosmaster_msgs/cmake/export_yahboom_rosmaster_msgs__rosidl_generator_cExport-noconfig.cmake
[1.446s] -- Up-to-date: /home/zane-francis/ros2_ws/install/yahboom_rosmaster_msgs/share/yahboom_rosmaster_msgs/cmake/export_yahboom_rosmaster_msgs__rosidl_typesupport_fastrtps_cExport.cmake
[1.446s] -- Up-to-date: /home/zane-francis/ros2_ws/install/yahboom_rosmaster_msgs/share/yahboom_rosmaster_msgs/cmake/export_yahboom_rosmaster_msgs__rosidl_typesupport_fastrtps_cExport-noconfig.cmake
[1.446s] -- Up-to-date: /home/zane-francis/ros2_ws/install/yahboom_rosmaster_msgs/share/yahboom_rosmaster_msgs/cmake/yahboom_rosmaster_msgs__rosidl_typesupport_introspection_cExport.cmake
[1.446s] -- Up-to-date: /home/zane-francis/ros2_ws/install/yahboom_rosmaster_msgs/share/yahboom_rosmaster_msgs/cmake/yahboom_rosmaster_msgs__rosidl_typesupport_introspection_cExport-noconfig.cmake
[1.446s] -- Up-to-date: /home/zane-francis/ros2_ws/install/yahboom_rosmaster_msgs/share/yahboom_rosmaster_msgs/cmake/yahboom_rosmaster_msgs__rosidl_typesupport_cExport.cmake
[1.446s] -- Up-to-date: /home/zane-francis/ros2_ws/install/yahboom_rosmaster_msgs/share/yahboom_rosmaster_msgs/cmake/yahboom_rosmaster_msgs__rosidl_typesupport_cExport-noconfig.cmake
[1.446s] -- Up-to-date: /home/zane-francis/ros2_ws/install/yahboom_rosmaster_msgs/share/yahboom_rosmaster_msgs/cmake/export_yahboom_rosmaster_msgs__rosidl_generator_cppExport.cmake
[1.447s] -- Up-to-date: /home/zane-francis/ros2_ws/install/yahboom_rosmaster_msgs/share/yahboom_rosmaster_msgs/cmake/export_yahboom_rosmaster_msgs__rosidl_typesupport_fastrtps_cppExport.cmake
[1.447s] -- Up-to-date: /home/zane-francis/ros2_ws/install/yahboom_rosmaster_msgs/share/yahboom_rosmaster_msgs/cmake/export_yahboom_rosmaster_msgs__rosidl_typesupport_fastrtps_cppExport-noconfig.cmake
[1.447s] -- Up-to-date: /home/zane-francis/ros2_ws/install/yahboom_rosmaster_msgs/share/yahboom_rosmaster_msgs/cmake/yahboom_rosmaster_msgs__rosidl_typesupport_introspection_cppExport.cmake
[1.447s] -- Up-to-date: /home/zane-francis/ros2_ws/install/yahboom_rosmaster_msgs/share/yahboom_rosmaster_msgs/cmake/yahboom_rosmaster_msgs__rosidl_typesupport_introspection_cppExport-noconfig.cmake
[1.447s] -- Up-to-date: /home/zane-francis/ros2_ws/install/yahboom_rosmaster_msgs/share/yahboom_rosmaster_msgs/cmake/yahboom_rosmaster_msgs__rosidl_typesupport_cppExport.cmake
[1.447s] -- Up-to-date: /home/zane-francis/ros2_ws/install/yahboom_rosmaster_msgs/share/yahboom_rosmaster_msgs/cmake/yahboom_rosmaster_msgs__rosidl_typesupport_cppExport-noconfig.cmake
[1.447s] -- Up-to-date: /home/zane-francis/ros2_ws/install/yahboom_rosmaster_msgs/share/yahboom_rosmaster_msgs/cmake/export_yahboom_rosmaster_msgs__rosidl_generator_pyExport.cmake
[1.447s] -- Up-to-date: /home/zane-francis/ros2_ws/install/yahboom_rosmaster_msgs/share/yahboom_rosmaster_msgs/cmake/export_yahboom_rosmaster_msgs__rosidl_generator_pyExport-noconfig.cmake
[1.454s] Invoked command in '/home/zane-francis/ros2_ws/build/yahboom_rosmaster_msgs' returned '0': CMAKE_PREFIX_PATH=${CMAKE_PREFIX_PATH}:/opt/ros/jazzy DEBUGINFOD_URLS=https://debuginfod.ubuntu.com /usr/bin/cmake --install /home/zane-francis/ros2_ws/build/yahboom_rosmaster_msgs
