[0.147s] Invoking command in '/home/zanef/ros2_ws/build/yahboom_rosmaster_docking': CMAKE_PREFIX_PATH=${CMAKE_PREFIX_PATH}:/opt/ros/jazzy /usr/bin/cmake --build /home/zanef/ros2_ws/build/yahboom_rosmaster_docking -- -j12 -l12
[0.327s] -- Found ament_cmake: 2.5.5 (/opt/ros/jazzy/share/ament_cmake/cmake)
[1.179s] -- Override CMake install command with custom implementation using symlinks instead of copying resources
[1.199s] -- Found geometry_msgs: 5.3.6 (/opt/ros/jazzy/share/geometry_msgs/cmake)
[1.559s] -- Found rosidl_generator_c: 4.6.7 (/opt/ros/jazzy/share/rosidl_generator_c/cmake)
[1.583s] -- Found rosidl_generator_cpp: 4.6.7 (/opt/ros/jazzy/share/rosidl_generator_cpp/cmake)
[1.617s] -- Using all available rosidl_typesupport_c: rosidl_typesupport_fastrtps_c;rosidl_typesupport_introspection_c
[1.648s] -- Using all available rosidl_typesupport_cpp: rosidl_typesupport_fastrtps_cpp;rosidl_typesupport_introspection_cpp
[1.813s] -- Found rclcpp: 28.1.16 (/opt/ros/jazzy/share/rclcpp/cmake)
[1.936s] -- Found rmw_implementation_cmake: 7.3.3 (/opt/ros/jazzy/share/rmw_implementation_cmake/cmake)
[1.940s] -- Found rmw_fastrtps_cpp: 8.4.3 (/opt/ros/jazzy/share/rmw_fastrtps_cpp/cmake)
[2.383s] -- Using RMW implementation 'rmw_fastrtps_cpp' as default
[2.792s] -- Found rclpy: 7.1.9 (/opt/ros/jazzy/share/rclpy/cmake)
[2.794s] -- Found apriltag_ros: 3.3.0 (/opt/ros/jazzy/share/apriltag_ros/cmake)
[2.796s] -- Found apriltag_msgs: 2.0.1 (/opt/ros/jazzy/share/apriltag_msgs/cmake)
[2.838s] -- Found image_proc: 5.0.11 (/opt/ros/jazzy/share/image_proc/cmake)
[2.890s] -- Setting yaml-cpp_DIR to: '/opt/ros/jazzy/share/yaml_cpp_vendor/cmake/../../../opt/yaml_cpp_vendor/share/cmake/yaml-cpp'
[3.076s] -- Found eigen3_cmake_module: 0.3.0 (/opt/ros/jazzy/share/eigen3_cmake_module/cmake)
[3.080s] -- Ensuring Eigen3 include directory is part of orocos-kdl CMake target
[3.350s] -- Found ament_lint_auto: 0.17.4 (/opt/ros/jazzy/share/ament_lint_auto/cmake)
[3.524s] -- Added test 'cppcheck' to perform static code analysis on C / C++ code
[3.524s] -- Configured cppcheck include dirs: 
[3.525s] -- Configured cppcheck exclude dirs and/or files: 
[3.525s] -- Added test 'flake8' to check Python code syntax and style conventions
[3.525s] -- Configured 'flake8' exclude dirs and/or files: 
[3.527s] -- Added test 'lint_cmake' to check CMake code style
[3.528s] -- Added test 'pep257' to check Python code against some of the docstring style conventions in PEP 257
[3.530s] -- Added test 'uncrustify' to check C / C++ code style
[3.531s] -- Configured uncrustify additional arguments: 
[3.532s] -- Added test 'xmllint' to check XML markup files
[3.539s] -- Configuring done (3.2s)
[3.590s] -- Generating done (0.0s)
[3.601s] -- Build files have been written to: /home/zanef/ros2_ws/build/yahboom_rosmaster_docking
[3.947s] [ 50%] [32mBuilding CXX object CMakeFiles/detected_dock_pose_publisher.dir/src/detected_dock_pose_publisher.cpp.o[0m
[20.621s] [100%] [32m[1mLinking CXX executable detected_dock_pose_publisher[0m
[22.027s] [100%] Built target detected_dock_pose_publisher
[22.058s] Invoked command in '/home/zanef/ros2_ws/build/yahboom_rosmaster_docking' returned '0': CMAKE_PREFIX_PATH=${CMAKE_PREFIX_PATH}:/opt/ros/jazzy /usr/bin/cmake --build /home/zanef/ros2_ws/build/yahboom_rosmaster_docking -- -j12 -l12
[22.097s] Invoking command in '/home/zanef/ros2_ws/build/yahboom_rosmaster_docking': CMAKE_PREFIX_PATH=${CMAKE_PREFIX_PATH}:/opt/ros/jazzy /usr/bin/cmake --install /home/zanef/ros2_ws/build/yahboom_rosmaster_docking
[22.116s] -- Install configuration: ""
[22.117s] -- Execute custom install script
[22.118s] -- Up-to-date symlink: /home/zanef/ros2_ws/install/yahboom_rosmaster_docking/lib/yahboom_rosmaster_docking/detected_dock_pose_publisher
[22.118s] -- Up-to-date symlink: /home/zanef/ros2_ws/install/yahboom_rosmaster_docking/share/yahboom_rosmaster_docking/config/apriltags_36h11.yaml
[22.119s] -- Up-to-date symlink: /home/zanef/ros2_ws/install/yahboom_rosmaster_docking/share/yahboom_rosmaster_docking/config/dock_database.yaml
[22.120s] -- Up-to-date symlink: /home/zanef/ros2_ws/install/yahboom_rosmaster_docking/share/yahboom_rosmaster_docking/launch/apriltag_dock_pose_publisher.launch.py
[22.120s] -- Up-to-date symlink: /home/zanef/ros2_ws/install/yahboom_rosmaster_docking/share/ament_index/resource_index/package_run_dependencies/yahboom_rosmaster_docking
[22.121s] -- Up-to-date symlink: /home/zanef/ros2_ws/install/yahboom_rosmaster_docking/share/ament_index/resource_index/parent_prefix_path/yahboom_rosmaster_docking
[22.122s] -- Up-to-date symlink: /home/zanef/ros2_ws/install/yahboom_rosmaster_docking/share/yahboom_rosmaster_docking/environment/ament_prefix_path.sh
[22.122s] -- Up-to-date symlink: /home/zanef/ros2_ws/install/yahboom_rosmaster_docking/share/yahboom_rosmaster_docking/environment/ament_prefix_path.dsv
[22.122s] -- Up-to-date symlink: /home/zanef/ros2_ws/install/yahboom_rosmaster_docking/share/yahboom_rosmaster_docking/environment/path.sh
[22.122s] -- Up-to-date symlink: /home/zanef/ros2_ws/install/yahboom_rosmaster_docking/share/yahboom_rosmaster_docking/environment/path.dsv
[22.123s] -- Up-to-date symlink: /home/zanef/ros2_ws/install/yahboom_rosmaster_docking/share/yahboom_rosmaster_docking/local_setup.bash
[22.123s] -- Up-to-date symlink: /home/zanef/ros2_ws/install/yahboom_rosmaster_docking/share/yahboom_rosmaster_docking/local_setup.sh
[22.123s] -- Up-to-date symlink: /home/zanef/ros2_ws/install/yahboom_rosmaster_docking/share/yahboom_rosmaster_docking/local_setup.zsh
[22.123s] -- Up-to-date symlink: /home/zanef/ros2_ws/install/yahboom_rosmaster_docking/share/yahboom_rosmaster_docking/local_setup.dsv
[22.123s] -- Symlinking: /home/zanef/ros2_ws/install/yahboom_rosmaster_docking/share/yahboom_rosmaster_docking/package.dsv
[22.143s] -- Up-to-date symlink: /home/zanef/ros2_ws/install/yahboom_rosmaster_docking/share/ament_index/resource_index/packages/yahboom_rosmaster_docking
[22.144s] -- Up-to-date symlink: /home/zanef/ros2_ws/install/yahboom_rosmaster_docking/share/yahboom_rosmaster_docking/cmake/yahboom_rosmaster_dockingConfig.cmake
[22.145s] -- Up-to-date symlink: /home/zanef/ros2_ws/install/yahboom_rosmaster_docking/share/yahboom_rosmaster_docking/cmake/yahboom_rosmaster_dockingConfig-version.cmake
[22.146s] -- Up-to-date symlink: /home/zanef/ros2_ws/install/yahboom_rosmaster_docking/share/yahboom_rosmaster_docking/package.xml
[22.150s] Invoked command in '/home/zanef/ros2_ws/build/yahboom_rosmaster_docking' returned '0': CMAKE_PREFIX_PATH=${CMAKE_PREFIX_PATH}:/opt/ros/jazzy /usr/bin/cmake --install /home/zanef/ros2_ws/build/yahboom_rosmaster_docking
