[0.581s] Invoking command in '/home/zanef/ros2_ws/build/yahboom_rosmaster': CMAKE_PREFIX_PATH=/home/zanef/ros2_ws/install/yahboom_rosmaster_system_tests:/home/zanef/ros2_ws/install/yahboom_rosmaster_navigation:/home/zanef/ros2_ws/install/yahboom_rosmaster_msgs:/home/zanef/ros2_ws/install/yahboom_rosmaster_localization:/home/zanef/ros2_ws/install/yahboom_rosmaster_gazebo:/home/zanef/ros2_ws/install/yahboom_rosmaster_docking:/home/zanef/ros2_ws/install/yahboom_rosmaster_description:/home/zanef/ros2_ws/install/yahboom_rosmaster_bringup:/opt/ros/jazzy/opt/gz_math_vendor:/opt/ros/jazzy/opt/gz_utils_vendor:/opt/ros/jazzy/opt/gz_cmake_vendor:/home/zanef/ros2_ws/install/yahboom_rosmaster:/home/zanef/ros2_ws/install/yahboom_rosmaster_projects:/home/zanef/ros2_ws/install/mecanum_drive_controller:/opt/ros/jazzy LD_LIBRARY_PATH=/home/zanef/ros2_ws/install/yahboom_rosmaster_msgs/lib:/usr/lib/wsl/lib:/usr/lib/wsl/lib:/usr/lib/wsl/lib:/usr/lib/wsl/lib:/opt/ros/jazzy/opt/rviz_ogre_vendor/lib:/opt/ros/jazzy/lib/x86_64-linux-gnu:/opt/ros/jazzy/opt/gz_math_vendor/lib:/opt/ros/jazzy/opt/gz_utils_vendor/lib:/opt/ros/jazzy/opt/gz_cmake_vendor/lib:/opt/ros/jazzy/lib:/home/zanef/ros2_ws/install/mecanum_drive_controller/lib:/usr/lib/wsl/lib PYTHONPATH=/home/zanef/ros2_ws/install/yahboom_rosmaster_navigation/lib/python3.12/site-packages:/home/zanef/ros2_ws/install/yahboom_rosmaster_msgs/lib/python3.12/site-packages:/opt/ros/jazzy/lib/python3.12/site-packages /usr/bin/cmake /home/zanef/ros2_ws/src/yahboom_rosmaster/yahboom_rosmaster -DAMENT_CMAKE_SYMLINK_INSTALL=1 -DCMAKE_INSTALL_PREFIX=/home/zanef/ros2_ws/install/yahboom_rosmaster
[0.712s] -- The C compiler identification is GNU 13.3.0
[1.440s] -- The CXX compiler identification is GNU 13.3.0
[2.152s] -- Detecting C compiler ABI info
[2.411s] -- Detecting C compiler ABI info - done
[2.415s] -- Check for working C compiler: /usr/bin/cc - skipped
[2.415s] -- Detecting C compile features
[2.416s] -- Detecting C compile features - done
[2.525s] -- Detecting CXX compiler ABI info
[2.785s] -- Detecting CXX compiler ABI info - done
[2.790s] -- Check for working CXX compiler: /usr/bin/c++ - skipped
[2.790s] -- Detecting CXX compile features
[2.790s] -- Detecting CXX compile features - done
[2.792s] -- Found ament_cmake: 2.5.6 (/opt/ros/jazzy/share/ament_cmake/cmake)
[2.867s] -- Found Python3: /usr/bin/python3 (found version "3.12.3") found components: Interpreter 
[2.905s] -- Override CMake install command with custom implementation using symlinks instead of copying resources
[2.924s] -- Found ament_lint_auto: 0.17.5 (/opt/ros/jazzy/share/ament_lint_auto/cmake)
[2.978s] -- Added test 'lint_cmake' to check CMake code style
[2.979s] -- Added test 'xmllint' to check XML markup files
[2.980s] -- Configuring done (2.4s)
[2.982s] -- Generating done (0.0s)
[2.984s] -- Build files have been written to: /home/zanef/ros2_ws/build/yahboom_rosmaster
[2.987s] Invoked command in '/home/zanef/ros2_ws/build/yahboom_rosmaster' returned '0': CMAKE_PREFIX_PATH=/home/zanef/ros2_ws/install/yahboom_rosmaster_system_tests:/home/zanef/ros2_ws/install/yahboom_rosmaster_navigation:/home/zanef/ros2_ws/install/yahboom_rosmaster_msgs:/home/zanef/ros2_ws/install/yahboom_rosmaster_localization:/home/zanef/ros2_ws/install/yahboom_rosmaster_gazebo:/home/zanef/ros2_ws/install/yahboom_rosmaster_docking:/home/zanef/ros2_ws/install/yahboom_rosmaster_description:/home/zanef/ros2_ws/install/yahboom_rosmaster_bringup:/opt/ros/jazzy/opt/gz_math_vendor:/opt/ros/jazzy/opt/gz_utils_vendor:/opt/ros/jazzy/opt/gz_cmake_vendor:/home/zanef/ros2_ws/install/yahboom_rosmaster:/home/zanef/ros2_ws/install/yahboom_rosmaster_projects:/home/zanef/ros2_ws/install/mecanum_drive_controller:/opt/ros/jazzy LD_LIBRARY_PATH=/home/zanef/ros2_ws/install/yahboom_rosmaster_msgs/lib:/usr/lib/wsl/lib:/usr/lib/wsl/lib:/usr/lib/wsl/lib:/usr/lib/wsl/lib:/opt/ros/jazzy/opt/rviz_ogre_vendor/lib:/opt/ros/jazzy/lib/x86_64-linux-gnu:/opt/ros/jazzy/opt/gz_math_vendor/lib:/opt/ros/jazzy/opt/gz_utils_vendor/lib:/opt/ros/jazzy/opt/gz_cmake_vendor/lib:/opt/ros/jazzy/lib:/home/zanef/ros2_ws/install/mecanum_drive_controller/lib:/usr/lib/wsl/lib PYTHONPATH=/home/zanef/ros2_ws/install/yahboom_rosmaster_navigation/lib/python3.12/site-packages:/home/zanef/ros2_ws/install/yahboom_rosmaster_msgs/lib/python3.12/site-packages:/opt/ros/jazzy/lib/python3.12/site-packages /usr/bin/cmake /home/zanef/ros2_ws/src/yahboom_rosmaster/yahboom_rosmaster -DAMENT_CMAKE_SYMLINK_INSTALL=1 -DCMAKE_INSTALL_PREFIX=/home/zanef/ros2_ws/install/yahboom_rosmaster
[2.988s] Invoking command in '/home/zanef/ros2_ws/build/yahboom_rosmaster': CMAKE_PREFIX_PATH=/home/zanef/ros2_ws/install/yahboom_rosmaster_system_tests:/home/zanef/ros2_ws/install/yahboom_rosmaster_navigation:/home/zanef/ros2_ws/install/yahboom_rosmaster_msgs:/home/zanef/ros2_ws/install/yahboom_rosmaster_localization:/home/zanef/ros2_ws/install/yahboom_rosmaster_gazebo:/home/zanef/ros2_ws/install/yahboom_rosmaster_docking:/home/zanef/ros2_ws/install/yahboom_rosmaster_description:/home/zanef/ros2_ws/install/yahboom_rosmaster_bringup:/opt/ros/jazzy/opt/gz_math_vendor:/opt/ros/jazzy/opt/gz_utils_vendor:/opt/ros/jazzy/opt/gz_cmake_vendor:/home/zanef/ros2_ws/install/yahboom_rosmaster:/home/zanef/ros2_ws/install/yahboom_rosmaster_projects:/home/zanef/ros2_ws/install/mecanum_drive_controller:/opt/ros/jazzy LD_LIBRARY_PATH=/home/zanef/ros2_ws/install/yahboom_rosmaster_msgs/lib:/usr/lib/wsl/lib:/usr/lib/wsl/lib:/usr/lib/wsl/lib:/usr/lib/wsl/lib:/opt/ros/jazzy/opt/rviz_ogre_vendor/lib:/opt/ros/jazzy/lib/x86_64-linux-gnu:/opt/ros/jazzy/opt/gz_math_vendor/lib:/opt/ros/jazzy/opt/gz_utils_vendor/lib:/opt/ros/jazzy/opt/gz_cmake_vendor/lib:/opt/ros/jazzy/lib:/home/zanef/ros2_ws/install/mecanum_drive_controller/lib:/usr/lib/wsl/lib PYTHONPATH=/home/zanef/ros2_ws/install/yahboom_rosmaster_navigation/lib/python3.12/site-packages:/home/zanef/ros2_ws/install/yahboom_rosmaster_msgs/lib/python3.12/site-packages:/opt/ros/jazzy/lib/python3.12/site-packages /usr/bin/cmake --build /home/zanef/ros2_ws/build/yahboom_rosmaster -- -j16 -l16
[3.007s] Invoked command in '/home/zanef/ros2_ws/build/yahboom_rosmaster' returned '0': CMAKE_PREFIX_PATH=/home/zanef/ros2_ws/install/yahboom_rosmaster_system_tests:/home/zanef/ros2_ws/install/yahboom_rosmaster_navigation:/home/zanef/ros2_ws/install/yahboom_rosmaster_msgs:/home/zanef/ros2_ws/install/yahboom_rosmaster_localization:/home/zanef/ros2_ws/install/yahboom_rosmaster_gazebo:/home/zanef/ros2_ws/install/yahboom_rosmaster_docking:/home/zanef/ros2_ws/install/yahboom_rosmaster_description:/home/zanef/ros2_ws/install/yahboom_rosmaster_bringup:/opt/ros/jazzy/opt/gz_math_vendor:/opt/ros/jazzy/opt/gz_utils_vendor:/opt/ros/jazzy/opt/gz_cmake_vendor:/home/zanef/ros2_ws/install/yahboom_rosmaster:/home/zanef/ros2_ws/install/yahboom_rosmaster_projects:/home/zanef/ros2_ws/install/mecanum_drive_controller:/opt/ros/jazzy LD_LIBRARY_PATH=/home/zanef/ros2_ws/install/yahboom_rosmaster_msgs/lib:/usr/lib/wsl/lib:/usr/lib/wsl/lib:/usr/lib/wsl/lib:/usr/lib/wsl/lib:/opt/ros/jazzy/opt/rviz_ogre_vendor/lib:/opt/ros/jazzy/lib/x86_64-linux-gnu:/opt/ros/jazzy/opt/gz_math_vendor/lib:/opt/ros/jazzy/opt/gz_utils_vendor/lib:/opt/ros/jazzy/opt/gz_cmake_vendor/lib:/opt/ros/jazzy/lib:/home/zanef/ros2_ws/install/mecanum_drive_controller/lib:/usr/lib/wsl/lib PYTHONPATH=/home/zanef/ros2_ws/install/yahboom_rosmaster_navigation/lib/python3.12/site-packages:/home/zanef/ros2_ws/install/yahboom_rosmaster_msgs/lib/python3.12/site-packages:/opt/ros/jazzy/lib/python3.12/site-packages /usr/bin/cmake --build /home/zanef/ros2_ws/build/yahboom_rosmaster -- -j16 -l16
[3.008s] Invoking command in '/home/zanef/ros2_ws/build/yahboom_rosmaster': CMAKE_PREFIX_PATH=/home/zanef/ros2_ws/install/yahboom_rosmaster_system_tests:/home/zanef/ros2_ws/install/yahboom_rosmaster_navigation:/home/zanef/ros2_ws/install/yahboom_rosmaster_msgs:/home/zanef/ros2_ws/install/yahboom_rosmaster_localization:/home/zanef/ros2_ws/install/yahboom_rosmaster_gazebo:/home/zanef/ros2_ws/install/yahboom_rosmaster_docking:/home/zanef/ros2_ws/install/yahboom_rosmaster_description:/home/zanef/ros2_ws/install/yahboom_rosmaster_bringup:/opt/ros/jazzy/opt/gz_math_vendor:/opt/ros/jazzy/opt/gz_utils_vendor:/opt/ros/jazzy/opt/gz_cmake_vendor:/home/zanef/ros2_ws/install/yahboom_rosmaster:/home/zanef/ros2_ws/install/yahboom_rosmaster_projects:/home/zanef/ros2_ws/install/mecanum_drive_controller:/opt/ros/jazzy LD_LIBRARY_PATH=/home/zanef/ros2_ws/install/yahboom_rosmaster_msgs/lib:/usr/lib/wsl/lib:/usr/lib/wsl/lib:/usr/lib/wsl/lib:/usr/lib/wsl/lib:/opt/ros/jazzy/opt/rviz_ogre_vendor/lib:/opt/ros/jazzy/lib/x86_64-linux-gnu:/opt/ros/jazzy/opt/gz_math_vendor/lib:/opt/ros/jazzy/opt/gz_utils_vendor/lib:/opt/ros/jazzy/opt/gz_cmake_vendor/lib:/opt/ros/jazzy/lib:/home/zanef/ros2_ws/install/mecanum_drive_controller/lib:/usr/lib/wsl/lib PYTHONPATH=/home/zanef/ros2_ws/install/yahboom_rosmaster_navigation/lib/python3.12/site-packages:/home/zanef/ros2_ws/install/yahboom_rosmaster_msgs/lib/python3.12/site-packages:/opt/ros/jazzy/lib/python3.12/site-packages /usr/bin/cmake --install /home/zanef/ros2_ws/build/yahboom_rosmaster
[3.011s] -- Install configuration: ""
[3.012s] -- Execute custom install script
[3.012s] -- Symlinking: /home/zanef/ros2_ws/install/yahboom_rosmaster/share/ament_index/resource_index/package_run_dependencies/yahboom_rosmaster
[3.016s] -- Symlinking: /home/zanef/ros2_ws/install/yahboom_rosmaster/share/ament_index/resource_index/parent_prefix_path/yahboom_rosmaster
[3.020s] -- Symlinking: /home/zanef/ros2_ws/install/yahboom_rosmaster/share/yahboom_rosmaster/environment/ament_prefix_path.sh
[3.025s] -- Symlinking: /home/zanef/ros2_ws/install/yahboom_rosmaster/share/yahboom_rosmaster/environment/ament_prefix_path.dsv
[3.028s] -- Symlinking: /home/zanef/ros2_ws/install/yahboom_rosmaster/share/yahboom_rosmaster/environment/path.sh
[3.032s] -- Symlinking: /home/zanef/ros2_ws/install/yahboom_rosmaster/share/yahboom_rosmaster/environment/path.dsv
[3.036s] -- Symlinking: /home/zanef/ros2_ws/install/yahboom_rosmaster/share/yahboom_rosmaster/local_setup.bash
[3.040s] -- Symlinking: /home/zanef/ros2_ws/install/yahboom_rosmaster/share/yahboom_rosmaster/local_setup.sh
[3.043s] -- Symlinking: /home/zanef/ros2_ws/install/yahboom_rosmaster/share/yahboom_rosmaster/local_setup.zsh
[3.047s] -- Symlinking: /home/zanef/ros2_ws/install/yahboom_rosmaster/share/yahboom_rosmaster/local_setup.dsv
[3.051s] -- Symlinking: /home/zanef/ros2_ws/install/yahboom_rosmaster/share/yahboom_rosmaster/package.dsv
[3.055s] -- Symlinking: /home/zanef/ros2_ws/install/yahboom_rosmaster/share/ament_index/resource_index/packages/yahboom_rosmaster
[3.059s] -- Symlinking: /home/zanef/ros2_ws/install/yahboom_rosmaster/share/yahboom_rosmaster/cmake/yahboom_rosmasterConfig.cmake
[3.063s] -- Symlinking: /home/zanef/ros2_ws/install/yahboom_rosmaster/share/yahboom_rosmaster/cmake/yahboom_rosmasterConfig-version.cmake
[3.068s] -- Symlinking: /home/zanef/ros2_ws/install/yahboom_rosmaster/share/yahboom_rosmaster/package.xml
[3.073s] Invoked command in '/home/zanef/ros2_ws/build/yahboom_rosmaster' returned '0': CMAKE_PREFIX_PATH=/home/zanef/ros2_ws/install/yahboom_rosmaster_system_tests:/home/zanef/ros2_ws/install/yahboom_rosmaster_navigation:/home/zanef/ros2_ws/install/yahboom_rosmaster_msgs:/home/zanef/ros2_ws/install/yahboom_rosmaster_localization:/home/zanef/ros2_ws/install/yahboom_rosmaster_gazebo:/home/zanef/ros2_ws/install/yahboom_rosmaster_docking:/home/zanef/ros2_ws/install/yahboom_rosmaster_description:/home/zanef/ros2_ws/install/yahboom_rosmaster_bringup:/opt/ros/jazzy/opt/gz_math_vendor:/opt/ros/jazzy/opt/gz_utils_vendor:/opt/ros/jazzy/opt/gz_cmake_vendor:/home/zanef/ros2_ws/install/yahboom_rosmaster:/home/zanef/ros2_ws/install/yahboom_rosmaster_projects:/home/zanef/ros2_ws/install/mecanum_drive_controller:/opt/ros/jazzy LD_LIBRARY_PATH=/home/zanef/ros2_ws/install/yahboom_rosmaster_msgs/lib:/usr/lib/wsl/lib:/usr/lib/wsl/lib:/usr/lib/wsl/lib:/usr/lib/wsl/lib:/opt/ros/jazzy/opt/rviz_ogre_vendor/lib:/opt/ros/jazzy/lib/x86_64-linux-gnu:/opt/ros/jazzy/opt/gz_math_vendor/lib:/opt/ros/jazzy/opt/gz_utils_vendor/lib:/opt/ros/jazzy/opt/gz_cmake_vendor/lib:/opt/ros/jazzy/lib:/home/zanef/ros2_ws/install/mecanum_drive_controller/lib:/usr/lib/wsl/lib PYTHONPATH=/home/zanef/ros2_ws/install/yahboom_rosmaster_navigation/lib/python3.12/site-packages:/home/zanef/ros2_ws/install/yahboom_rosmaster_msgs/lib/python3.12/site-packages:/opt/ros/jazzy/lib/python3.12/site-packages /usr/bin/cmake --install /home/zanef/ros2_ws/build/yahboom_rosmaster
