[0.146s] Invoking command in '/home/zane-francis/ros2_ws/build/yahboom_rosmaster_docking': CMAKE_PREFIX_PATH=${CMAKE_PREFIX_PATH}:/opt/ros/jazzy DEBUGINFOD_URLS=https://debuginfod.ubuntu.com /usr/bin/cmake --build /home/zane-francis/ros2_ws/build/yahboom_rosmaster_docking -- -j12 -l12
[0.501s] [100%] Built target detected_dock_pose_publisher
[0.677s] Invoked command in '/home/zane-francis/ros2_ws/build/yahboom_rosmaster_docking' returned '0': CMAKE_PREFIX_PATH=${CMAKE_PREFIX_PATH}:/opt/ros/jazzy DEBUGINFOD_URLS=https://debuginfod.ubuntu.com /usr/bin/cmake --build /home/zane-francis/ros2_ws/build/yahboom_rosmaster_docking -- -j12 -l12
[0.680s] Invoking command in '/home/zane-francis/ros2_ws/build/yahboom_rosmaster_docking': CMAKE_PREFIX_PATH=${CMAKE_PREFIX_PATH}:/opt/ros/jazzy DEBUGINFOD_URLS=https://debuginfod.ubuntu.com /usr/bin/cmake --install /home/zane-francis/ros2_ws/build/yahboom_rosmaster_docking
[0.702s] -- Install configuration: ""
[0.703s] -- Execute custom install script
[0.704s] -- Up-to-date symlink: /home/zane-francis/ros2_ws/install/yahboom_rosmaster_docking/lib/yahboom_rosmaster_docking/detected_dock_pose_publisher
[0.704s] -- Up-to-date symlink: /home/zane-francis/ros2_ws/install/yahboom_rosmaster_docking/share/yahboom_rosmaster_docking/config/apriltags_36h11.yaml
[0.704s] -- Up-to-date symlink: /home/zane-francis/ros2_ws/install/yahboom_rosmaster_docking/share/yahboom_rosmaster_docking/config/dock_database.yaml
[0.705s] -- Up-to-date symlink: /home/zane-francis/ros2_ws/install/yahboom_rosmaster_docking/share/yahboom_rosmaster_docking/launch/apriltag_dock_pose_publisher.launch.py
[0.706s] -- Up-to-date symlink: /home/zane-francis/ros2_ws/install/yahboom_rosmaster_docking/share/ament_index/resource_index/package_run_dependencies/yahboom_rosmaster_docking
[0.706s] -- Up-to-date symlink: /home/zane-francis/ros2_ws/install/yahboom_rosmaster_docking/share/ament_index/resource_index/parent_prefix_path/yahboom_rosmaster_docking
[0.706s] -- Up-to-date symlink: /home/zane-francis/ros2_ws/install/yahboom_rosmaster_docking/share/yahboom_rosmaster_docking/environment/ament_prefix_path.sh
[0.707s] -- Up-to-date symlink: /home/zane-francis/ros2_ws/install/yahboom_rosmaster_docking/share/yahboom_rosmaster_docking/environment/ament_prefix_path.dsv
[0.707s] -- Up-to-date symlink: /home/zane-francis/ros2_ws/install/yahboom_rosmaster_docking/share/yahboom_rosmaster_docking/environment/path.sh
[0.707s] -- Up-to-date symlink: /home/zane-francis/ros2_ws/install/yahboom_rosmaster_docking/share/yahboom_rosmaster_docking/environment/path.dsv
[0.708s] -- Up-to-date symlink: /home/zane-francis/ros2_ws/install/yahboom_rosmaster_docking/share/yahboom_rosmaster_docking/local_setup.bash
[0.708s] -- Up-to-date symlink: /home/zane-francis/ros2_ws/install/yahboom_rosmaster_docking/share/yahboom_rosmaster_docking/local_setup.sh
[0.709s] -- Up-to-date symlink: /home/zane-francis/ros2_ws/install/yahboom_rosmaster_docking/share/yahboom_rosmaster_docking/local_setup.zsh
[0.709s] -- Up-to-date symlink: /home/zane-francis/ros2_ws/install/yahboom_rosmaster_docking/share/yahboom_rosmaster_docking/local_setup.dsv
[0.709s] -- Symlinking: /home/zane-francis/ros2_ws/install/yahboom_rosmaster_docking/share/yahboom_rosmaster_docking/package.dsv
[0.725s] -- Up-to-date symlink: /home/zane-francis/ros2_ws/install/yahboom_rosmaster_docking/share/ament_index/resource_index/packages/yahboom_rosmaster_docking
[0.726s] -- Up-to-date symlink: /home/zane-francis/ros2_ws/install/yahboom_rosmaster_docking/share/yahboom_rosmaster_docking/cmake/yahboom_rosmaster_dockingConfig.cmake
[0.726s] -- Up-to-date symlink: /home/zane-francis/ros2_ws/install/yahboom_rosmaster_docking/share/yahboom_rosmaster_docking/cmake/yahboom_rosmaster_dockingConfig-version.cmake
[0.727s] -- Up-to-date symlink: /home/zane-francis/ros2_ws/install/yahboom_rosmaster_docking/share/yahboom_rosmaster_docking/package.xml
[0.731s] Invoked command in '/home/zane-francis/ros2_ws/build/yahboom_rosmaster_docking' returned '0': CMAKE_PREFIX_PATH=${CMAKE_PREFIX_PATH}:/opt/ros/jazzy DEBUGINFOD_URLS=https://debuginfod.ubuntu.com /usr/bin/cmake --install /home/zane-francis/ros2_ws/build/yahboom_rosmaster_docking
