[0.057s] Invoking command in '/home/zanef/ros2_ws/build/mecanum_drive_controller': CMAKE_PREFIX_PATH=${CMAKE_PREFIX_PATH}:/opt/ros/jazzy /usr/bin/cmake --build /home/zanef/ros2_ws/build/mecanum_drive_controller -- -j16 -l16
[0.077s] [ 33%] Built target mecanum_drive_controller_parameters
[0.172s] [ 50%] [32mBuilding CXX object CMakeFiles/mecanum_drive_controller.dir/src/mecanum_drive_controller.cpp.o[0m
[7.423s] [ 66%] [32m[1mLinking CXX shared library libmecanum_drive_controller.so[0m
[7.759s] [100%] Built target mecanum_drive_controller
[7.765s] Invoked command in '/home/zanef/ros2_ws/build/mecanum_drive_controller' returned '0': CMAKE_PREFIX_PATH=${CMAKE_PREFIX_PATH}:/opt/ros/jazzy /usr/bin/cmake --build /home/zanef/ros2_ws/build/mecanum_drive_controller -- -j16 -l16
[7.766s] Invoking command in '/home/zanef/ros2_ws/build/mecanum_drive_controller': CMAKE_PREFIX_PATH=${CMAKE_PREFIX_PATH}:/opt/ros/jazzy /usr/bin/cmake --install /home/zanef/ros2_ws/build/mecanum_drive_controller
[7.770s] -- Install configuration: ""
[7.770s] -- Execute custom install script
[7.770s] -- Up-to-date symlink: /home/zanef/ros2_ws/install/mecanum_drive_controller/include/mecanum_drive_controller/mecanum_drive_controller_parameters.hpp
[7.771s] -- Up-to-date symlink: /home/zanef/ros2_ws/install/mecanum_drive_controller/share/mecanum_drive_controller//mecanum_drive_plugin.xml
[7.771s] -- Up-to-date symlink: /home/zanef/ros2_ws/install/mecanum_drive_controller/include/mecanum_drive_controller/mecanum_drive_controller/mecanum_drive_controller.hpp
[7.771s] -- Up-to-date symlink: /home/zanef/ros2_ws/install/mecanum_drive_controller/include/mecanum_drive_controller/mecanum_drive_controller/odometry.hpp
[7.771s] -- Up-to-date symlink: /home/zanef/ros2_ws/install/mecanum_drive_controller/include/mecanum_drive_controller/mecanum_drive_controller/speed_limiter.hpp
[7.771s] -- Up-to-date symlink: /home/zanef/ros2_ws/install/mecanum_drive_controller/include/mecanum_drive_controller/mecanum_drive_controller/visibility_control.h
[7.771s] -- Up-to-date symlink: /home/zanef/ros2_ws/install/mecanum_drive_controller/share/mecanum_drive_controller/environment/library_path.sh
[7.772s] -- Up-to-date symlink: /home/zanef/ros2_ws/install/mecanum_drive_controller/share/mecanum_drive_controller/environment/library_path.dsv
[7.772s] -- Up-to-date symlink: /home/zanef/ros2_ws/install/mecanum_drive_controller/share/ament_index/resource_index/package_run_dependencies/mecanum_drive_controller
[7.772s] -- Up-to-date symlink: /home/zanef/ros2_ws/install/mecanum_drive_controller/share/ament_index/resource_index/parent_prefix_path/mecanum_drive_controller
[7.772s] -- Up-to-date symlink: /home/zanef/ros2_ws/install/mecanum_drive_controller/share/mecanum_drive_controller/environment/ament_prefix_path.sh
[7.772s] -- Up-to-date symlink: /home/zanef/ros2_ws/install/mecanum_drive_controller/share/mecanum_drive_controller/environment/ament_prefix_path.dsv
[7.772s] -- Up-to-date symlink: /home/zanef/ros2_ws/install/mecanum_drive_controller/share/mecanum_drive_controller/environment/path.sh
[7.772s] -- Up-to-date symlink: /home/zanef/ros2_ws/install/mecanum_drive_controller/share/mecanum_drive_controller/environment/path.dsv
[7.772s] -- Up-to-date symlink: /home/zanef/ros2_ws/install/mecanum_drive_controller/share/mecanum_drive_controller/local_setup.bash
[7.772s] -- Up-to-date symlink: /home/zanef/ros2_ws/install/mecanum_drive_controller/share/mecanum_drive_controller/local_setup.sh
[7.772s] -- Up-to-date symlink: /home/zanef/ros2_ws/install/mecanum_drive_controller/share/mecanum_drive_controller/local_setup.zsh
[7.773s] -- Up-to-date symlink: /home/zanef/ros2_ws/install/mecanum_drive_controller/share/mecanum_drive_controller/local_setup.dsv
[7.773s] -- Symlinking: /home/zanef/ros2_ws/install/mecanum_drive_controller/share/mecanum_drive_controller/package.dsv
[7.778s] -- Up-to-date symlink: /home/zanef/ros2_ws/install/mecanum_drive_controller/share/ament_index/resource_index/packages/mecanum_drive_controller
[7.778s] -- Up-to-date symlink: /home/zanef/ros2_ws/install/mecanum_drive_controller/share/ament_index/resource_index/controller_interface__pluginlib__plugin/mecanum_drive_controller
[7.778s] -- Up-to-date symlink: /home/zanef/ros2_ws/install/mecanum_drive_controller/share/mecanum_drive_controller/cmake/ament_cmake_export_dependencies-extras.cmake
[7.778s] -- Up-to-date symlink: /home/zanef/ros2_ws/install/mecanum_drive_controller/share/mecanum_drive_controller/cmake/ament_cmake_export_targets-extras.cmake
[7.778s] -- Up-to-date symlink: /home/zanef/ros2_ws/install/mecanum_drive_controller/share/mecanum_drive_controller/cmake/mecanum_drive_controllerConfig.cmake
[7.778s] -- Up-to-date symlink: /home/zanef/ros2_ws/install/mecanum_drive_controller/share/mecanum_drive_controller/cmake/mecanum_drive_controllerConfig-version.cmake
[7.778s] -- Up-to-date symlink: /home/zanef/ros2_ws/install/mecanum_drive_controller/share/mecanum_drive_controller/package.xml
[7.779s] -- Installing: /home/zanef/ros2_ws/install/mecanum_drive_controller/lib/libmecanum_drive_controller.so
[7.782s] -- Set non-toolchain portion of runtime path of "/home/zanef/ros2_ws/install/mecanum_drive_controller/lib/libmecanum_drive_controller.so" to ""
[7.783s] -- Up-to-date: /home/zanef/ros2_ws/install/mecanum_drive_controller/share/mecanum_drive_controller/cmake/export_mecanum_drive_controllerExport.cmake
[7.783s] -- Up-to-date: /home/zanef/ros2_ws/install/mecanum_drive_controller/share/mecanum_drive_controller/cmake/export_mecanum_drive_controllerExport-noconfig.cmake
[7.785s] Invoked command in '/home/zanef/ros2_ws/build/mecanum_drive_controller' returned '0': CMAKE_PREFIX_PATH=${CMAKE_PREFIX_PATH}:/opt/ros/jazzy /usr/bin/cmake --install /home/zanef/ros2_ws/build/mecanum_drive_controller
