[0.022s] Invoking command in '/home/zanef/ros2_ws/build/yahboom_rosmaster_bringup': CMAKE_PREFIX_PATH=${CMAKE_PREFIX_PATH}:/opt/ros/jazzy /usr/bin/cmake /home/zanef/ros2_ws/src/yahboom_rosmaster/yahboom_rosmaster_bringup -DAMENT_CMAKE_SYMLINK_INSTALL=1 -DCMAKE_INSTALL_PREFIX=/home/zanef/ros2_ws/install/yahboom_rosmaster_bringup
[0.265s] -- The C compiler identification is GNU 13.3.0
[0.960s] -- The CXX compiler identification is GNU 13.3.0
[1.643s] -- Detecting C compiler ABI info
[1.836s] -- Detecting C compiler ABI info - done
[1.843s] -- Check for working C compiler: /usr/bin/cc - skipped
[1.843s] -- Detecting C compile features
[1.843s] -- Detecting C compile features - done
[1.920s] -- Detecting CXX compiler ABI info
[2.121s] -- Detecting CXX compiler ABI info - done
[2.125s] -- Check for working CXX compiler: /usr/bin/c++ - skipped
[2.125s] -- Detecting CXX compile features
[2.126s] -- Detecting CXX compile features - done
[2.127s] -- Found ament_cmake: 2.5.6 (/opt/ros/jazzy/share/ament_cmake/cmake)
[2.207s] -- Found Python3: /usr/bin/python3 (found version "3.12.3") found components: Interpreter 
[2.253s] -- Override CMake install command with custom implementation using symlinks instead of copying resources
[2.271s] -- Found ament_lint_auto: 0.17.5 (/opt/ros/jazzy/share/ament_lint_auto/cmake)
[2.347s] -- Added test 'flake8' to check Python code syntax and style conventions
[2.347s] -- Configured 'flake8' exclude dirs and/or files: 
[2.347s] -- Added test 'lint_cmake' to check CMake code style
[2.348s] -- Added test 'pep257' to check Python code against some of the docstring style conventions in PEP 257
[2.349s] -- Added test 'xmllint' to check XML markup files
[2.351s] -- Configuring done (2.3s)
[2.353s] -- Generating done (0.0s)
[2.354s] -- Build files have been written to: /home/zanef/ros2_ws/build/yahboom_rosmaster_bringup
[2.361s] Invoked command in '/home/zanef/ros2_ws/build/yahboom_rosmaster_bringup' returned '0': CMAKE_PREFIX_PATH=${CMAKE_PREFIX_PATH}:/opt/ros/jazzy /usr/bin/cmake /home/zanef/ros2_ws/src/yahboom_rosmaster/yahboom_rosmaster_bringup -DAMENT_CMAKE_SYMLINK_INSTALL=1 -DCMAKE_INSTALL_PREFIX=/home/zanef/ros2_ws/install/yahboom_rosmaster_bringup
[2.362s] Invoking command in '/home/zanef/ros2_ws/build/yahboom_rosmaster_bringup': CMAKE_PREFIX_PATH=${CMAKE_PREFIX_PATH}:/opt/ros/jazzy /usr/bin/cmake --build /home/zanef/ros2_ws/build/yahboom_rosmaster_bringup -- -j16 -l16
[2.389s] Invoked command in '/home/zanef/ros2_ws/build/yahboom_rosmaster_bringup' returned '0': CMAKE_PREFIX_PATH=${CMAKE_PREFIX_PATH}:/opt/ros/jazzy /usr/bin/cmake --build /home/zanef/ros2_ws/build/yahboom_rosmaster_bringup -- -j16 -l16
[2.391s] Invoking command in '/home/zanef/ros2_ws/build/yahboom_rosmaster_bringup': CMAKE_PREFIX_PATH=${CMAKE_PREFIX_PATH}:/opt/ros/jazzy /usr/bin/cmake --install /home/zanef/ros2_ws/build/yahboom_rosmaster_bringup
[2.395s] -- Install configuration: ""
[2.396s] -- Execute custom install script
[2.396s] -- Symlinking: /home/zanef/ros2_ws/install/yahboom_rosmaster_bringup/share/yahboom_rosmaster_bringup/launch/load_ros2_controllers.launch.py
[2.402s] -- Symlinking: /home/zanef/ros2_ws/install/yahboom_rosmaster_bringup/share/yahboom_rosmaster_bringup/launch/rosmaster_x3_navigation.launch.py
[2.407s] -- Symlinking: /home/zanef/ros2_ws/install/yahboom_rosmaster_bringup/share/yahboom_rosmaster_bringup/scripts/rosmaster_x3_gazebo.sh
[2.412s] -- Symlinking: /home/zanef/ros2_ws/install/yahboom_rosmaster_bringup/share/yahboom_rosmaster_bringup/scripts/rosmaster_x3_navigation.sh
[2.417s] -- Symlinking: /home/zanef/ros2_ws/install/yahboom_rosmaster_bringup/share/ament_index/resource_index/package_run_dependencies/yahboom_rosmaster_bringup
[2.421s] -- Symlinking: /home/zanef/ros2_ws/install/yahboom_rosmaster_bringup/share/ament_index/resource_index/parent_prefix_path/yahboom_rosmaster_bringup
[2.425s] -- Symlinking: /home/zanef/ros2_ws/install/yahboom_rosmaster_bringup/share/yahboom_rosmaster_bringup/environment/ament_prefix_path.sh
[2.431s] -- Symlinking: /home/zanef/ros2_ws/install/yahboom_rosmaster_bringup/share/yahboom_rosmaster_bringup/environment/ament_prefix_path.dsv
[2.435s] -- Symlinking: /home/zanef/ros2_ws/install/yahboom_rosmaster_bringup/share/yahboom_rosmaster_bringup/environment/path.sh
[2.439s] -- Symlinking: /home/zanef/ros2_ws/install/yahboom_rosmaster_bringup/share/yahboom_rosmaster_bringup/environment/path.dsv
[2.443s] -- Symlinking: /home/zanef/ros2_ws/install/yahboom_rosmaster_bringup/share/yahboom_rosmaster_bringup/local_setup.bash
[2.447s] -- Symlinking: /home/zanef/ros2_ws/install/yahboom_rosmaster_bringup/share/yahboom_rosmaster_bringup/local_setup.sh
[2.451s] -- Symlinking: /home/zanef/ros2_ws/install/yahboom_rosmaster_bringup/share/yahboom_rosmaster_bringup/local_setup.zsh
[2.456s] -- Symlinking: /home/zanef/ros2_ws/install/yahboom_rosmaster_bringup/share/yahboom_rosmaster_bringup/local_setup.dsv
[2.460s] -- Symlinking: /home/zanef/ros2_ws/install/yahboom_rosmaster_bringup/share/yahboom_rosmaster_bringup/package.dsv
[2.465s] -- Symlinking: /home/zanef/ros2_ws/install/yahboom_rosmaster_bringup/share/ament_index/resource_index/packages/yahboom_rosmaster_bringup
[2.470s] -- Symlinking: /home/zanef/ros2_ws/install/yahboom_rosmaster_bringup/share/yahboom_rosmaster_bringup/cmake/yahboom_rosmaster_bringupConfig.cmake
[2.474s] -- Symlinking: /home/zanef/ros2_ws/install/yahboom_rosmaster_bringup/share/yahboom_rosmaster_bringup/cmake/yahboom_rosmaster_bringupConfig-version.cmake
[2.478s] -- Symlinking: /home/zanef/ros2_ws/install/yahboom_rosmaster_bringup/share/yahboom_rosmaster_bringup/package.xml
[2.484s] Invoked command in '/home/zanef/ros2_ws/build/yahboom_rosmaster_bringup' returned '0': CMAKE_PREFIX_PATH=${CMAKE_PREFIX_PATH}:/opt/ros/jazzy /usr/bin/cmake --install /home/zanef/ros2_ws/build/yahboom_rosmaster_bringup
