[0.071s] Invoking command in '/home/zanef/ros2_ws/build/yahboom_rosmaster_projects': CMAKE_PREFIX_PATH=${CMAKE_PREFIX_PATH}:/opt/ros/jazzy /usr/bin/cmake --build /home/zanef/ros2_ws/build/yahboom_rosmaster_projects -- -j16 -l16
[0.421s] Invoked command in '/home/zanef/ros2_ws/build/yahboom_rosmaster_projects' returned '0': CMAKE_PREFIX_PATH=${CMAKE_PREFIX_PATH}:/opt/ros/jazzy /usr/bin/cmake --build /home/zanef/ros2_ws/build/yahboom_rosmaster_projects -- -j16 -l16
[0.421s] Invoking command in '/home/zanef/ros2_ws/build/yahboom_rosmaster_projects': CMAKE_PREFIX_PATH=${CMAKE_PREFIX_PATH}:/opt/ros/jazzy /usr/bin/cmake --install /home/zanef/ros2_ws/build/yahboom_rosmaster_projects
[0.422s] -- Install configuration: ""
[0.423s] -- Execute custom install script
[0.423s] -- Up-to-date symlink: /home/zanef/ros2_ws/install/yahboom_rosmaster_projects/share/ament_index/resource_index/package_run_dependencies/yahboom_rosmaster_projects
[0.423s] -- Up-to-date symlink: /home/zanef/ros2_ws/install/yahboom_rosmaster_projects/share/ament_index/resource_index/parent_prefix_path/yahboom_rosmaster_projects
[0.423s] -- Up-to-date symlink: /home/zanef/ros2_ws/install/yahboom_rosmaster_projects/share/yahboom_rosmaster_projects/environment/ament_prefix_path.sh
[0.424s] -- Up-to-date symlink: /home/zanef/ros2_ws/install/yahboom_rosmaster_projects/share/yahboom_rosmaster_projects/environment/ament_prefix_path.dsv
[0.425s] -- Up-to-date symlink: /home/zanef/ros2_ws/install/yahboom_rosmaster_projects/share/yahboom_rosmaster_projects/environment/path.sh
[0.425s] -- Up-to-date symlink: /home/zanef/ros2_ws/install/yahboom_rosmaster_projects/share/yahboom_rosmaster_projects/environment/path.dsv
[0.426s] -- Up-to-date symlink: /home/zanef/ros2_ws/install/yahboom_rosmaster_projects/share/yahboom_rosmaster_projects/local_setup.bash
[0.426s] -- Up-to-date symlink: /home/zanef/ros2_ws/install/yahboom_rosmaster_projects/share/yahboom_rosmaster_projects/local_setup.sh
[0.427s] -- Up-to-date symlink: /home/zanef/ros2_ws/install/yahboom_rosmaster_projects/share/yahboom_rosmaster_projects/local_setup.zsh
[0.427s] -- Up-to-date symlink: /home/zanef/ros2_ws/install/yahboom_rosmaster_projects/share/yahboom_rosmaster_projects/local_setup.dsv
[0.427s] -- Symlinking: /home/zanef/ros2_ws/install/yahboom_rosmaster_projects/share/yahboom_rosmaster_projects/package.dsv
[0.427s] -- Up-to-date symlink: /home/zanef/ros2_ws/install/yahboom_rosmaster_projects/share/ament_index/resource_index/packages/yahboom_rosmaster_projects
[0.427s] -- Up-to-date symlink: /home/zanef/ros2_ws/install/yahboom_rosmaster_projects/share/yahboom_rosmaster_projects/cmake/yahboom_rosmaster_projectsConfig.cmake
[0.427s] -- Up-to-date symlink: /home/zanef/ros2_ws/install/yahboom_rosmaster_projects/share/yahboom_rosmaster_projects/cmake/yahboom_rosmaster_projectsConfig-version.cmake
[0.427s] -- Up-to-date symlink: /home/zanef/ros2_ws/install/yahboom_rosmaster_projects/share/yahboom_rosmaster_projects/package.xml
[0.427s] -- Up-to-date symlink: /home/zanef/ros2_ws/install/yahboom_rosmaster_projects/share/yahboom_rosmaster_projects/launch/gz_home_like.launch.py
[0.427s] -- Up-to-date symlink: /home/zanef/ros2_ws/install/yahboom_rosmaster_projects/share/yahboom_rosmaster_projects/launch/gz_slam.launch.py
[0.428s] -- Up-to-date symlink: /home/zanef/ros2_ws/install/yahboom_rosmaster_projects/share/yahboom_rosmaster_projects/launch/gz_slam_nav2.launch.py
[0.428s] -- Up-to-date symlink: /home/zanef/ros2_ws/install/yahboom_rosmaster_projects/share/yahboom_rosmaster_projects/worlds/home_like.world
[0.428s] -- Up-to-date symlink: /home/zanef/ros2_ws/install/yahboom_rosmaster_projects/share/yahboom_rosmaster_projects/worlds/rosmaster_home.world
[0.428s] -- Up-to-date symlink: /home/zanef/ros2_ws/install/yahboom_rosmaster_projects/share/yahboom_rosmaster_projects/models/bookshelf/model-1_2.sdf
[0.428s] -- Up-to-date symlink: /home/zanef/ros2_ws/install/yahboom_rosmaster_projects/share/yahboom_rosmaster_projects/models/bookshelf/model-1_2.sdf:Zone.Identifier
[0.428s] -- Up-to-date symlink: /home/zanef/ros2_ws/install/yahboom_rosmaster_projects/share/yahboom_rosmaster_projects/models/bookshelf/model-1_2.sdf:Zone.Identifier:Zone.Identifier
[0.428s] -- Up-to-date symlink: /home/zanef/ros2_ws/install/yahboom_rosmaster_projects/share/yahboom_rosmaster_projects/models/bookshelf/model-1_3.sdf
[0.428s] -- Up-to-date symlink: /home/zanef/ros2_ws/install/yahboom_rosmaster_projects/share/yahboom_rosmaster_projects/models/bookshelf/model-1_3.sdf:Zone.Identifier
[0.429s] -- Up-to-date symlink: /home/zanef/ros2_ws/install/yahboom_rosmaster_projects/share/yahboom_rosmaster_projects/models/bookshelf/model-1_3.sdf:Zone.Identifier:Zone.Identifier
[0.429s] -- Up-to-date symlink: /home/zanef/ros2_ws/install/yahboom_rosmaster_projects/share/yahboom_rosmaster_projects/models/bookshelf/model-1_4.sdf
[0.429s] -- Up-to-date symlink: /home/zanef/ros2_ws/install/yahboom_rosmaster_projects/share/yahboom_rosmaster_projects/models/bookshelf/model-1_4.sdf:Zone.Identifier
[0.429s] -- Up-to-date symlink: /home/zanef/ros2_ws/install/yahboom_rosmaster_projects/share/yahboom_rosmaster_projects/models/bookshelf/model-1_4.sdf:Zone.Identifier:Zone.Identifier
[0.429s] -- Up-to-date symlink: /home/zanef/ros2_ws/install/yahboom_rosmaster_projects/share/yahboom_rosmaster_projects/models/bookshelf/model.config
[0.429s] -- Up-to-date symlink: /home/zanef/ros2_ws/install/yahboom_rosmaster_projects/share/yahboom_rosmaster_projects/models/bookshelf/model.config:Zone.Identifier
[0.429s] -- Up-to-date symlink: /home/zanef/ros2_ws/install/yahboom_rosmaster_projects/share/yahboom_rosmaster_projects/models/bookshelf/model.config:Zone.Identifier:Zone.Identifier
[0.429s] -- Up-to-date symlink: /home/zanef/ros2_ws/install/yahboom_rosmaster_projects/share/yahboom_rosmaster_projects/models/bookshelf/model.sdf
[0.430s] -- Up-to-date symlink: /home/zanef/ros2_ws/install/yahboom_rosmaster_projects/share/yahboom_rosmaster_projects/models/bookshelf/model.sdf:Zone.Identifier
[0.430s] -- Up-to-date symlink: /home/zanef/ros2_ws/install/yahboom_rosmaster_projects/share/yahboom_rosmaster_projects/models/bookshelf/model.sdf:Zone.Identifier:Zone.Identifier
[0.430s] -- Up-to-date symlink: /home/zanef/ros2_ws/install/yahboom_rosmaster_projects/share/yahboom_rosmaster_projects/models/cafe_table/materials/textures/Maple.jpg
[0.430s] -- Up-to-date symlink: /home/zanef/ros2_ws/install/yahboom_rosmaster_projects/share/yahboom_rosmaster_projects/models/cafe_table/materials/textures/Maple.jpg:Zone.Identifier
[0.431s] -- Up-to-date symlink: /home/zanef/ros2_ws/install/yahboom_rosmaster_projects/share/yahboom_rosmaster_projects/models/cafe_table/materials/textures/Wood_Floor_Dark.jpg
[0.431s] -- Up-to-date symlink: /home/zanef/ros2_ws/install/yahboom_rosmaster_projects/share/yahboom_rosmaster_projects/models/cafe_table/materials/textures/Wood_Floor_Dark.jpg:Zone.Identifier
[0.431s] -- Up-to-date symlink: /home/zanef/ros2_ws/install/yahboom_rosmaster_projects/share/yahboom_rosmaster_projects/models/cafe_table/meshes/cafe_table.dae
[0.432s] -- Up-to-date symlink: /home/zanef/ros2_ws/install/yahboom_rosmaster_projects/share/yahboom_rosmaster_projects/models/cafe_table/meshes/cafe_table.dae:Zone.Identifier
[0.432s] -- Up-to-date symlink: /home/zanef/ros2_ws/install/yahboom_rosmaster_projects/share/yahboom_rosmaster_projects/models/cafe_table/model-1_4.sdf
[0.433s] -- Up-to-date symlink: /home/zanef/ros2_ws/install/yahboom_rosmaster_projects/share/yahboom_rosmaster_projects/models/cafe_table/model-1_4.sdf:Zone.Identifier
[0.434s] -- Up-to-date symlink: /home/zanef/ros2_ws/install/yahboom_rosmaster_projects/share/yahboom_rosmaster_projects/models/cafe_table/model.config
[0.434s] -- Up-to-date symlink: /home/zanef/ros2_ws/install/yahboom_rosmaster_projects/share/yahboom_rosmaster_projects/models/cafe_table/model.config:Zone.Identifier
[0.435s] -- Up-to-date symlink: /home/zanef/ros2_ws/install/yahboom_rosmaster_projects/share/yahboom_rosmaster_projects/models/cafe_table/model.sdf
[0.435s] -- Up-to-date symlink: /home/zanef/ros2_ws/install/yahboom_rosmaster_projects/share/yahboom_rosmaster_projects/models/cafe_table/model.sdf:Zone.Identifier
[0.436s] -- Up-to-date symlink: /home/zanef/ros2_ws/install/yahboom_rosmaster_projects/share/yahboom_rosmaster_projects/models/cardboard_box/materials/textures/cardboard_box.png
[0.436s] -- Up-to-date symlink: /home/zanef/ros2_ws/install/yahboom_rosmaster_projects/share/yahboom_rosmaster_projects/models/cardboard_box/materials/textures/cardboard_box.png:Zone.Identifier
[0.437s] -- Up-to-date symlink: /home/zanef/ros2_ws/install/yahboom_rosmaster_projects/share/yahboom_rosmaster_projects/models/cardboard_box/materials/textures/cardboard_box.png:Zone.Identifier:Zone.Identifier
[0.437s] -- Up-to-date symlink: /home/zanef/ros2_ws/install/yahboom_rosmaster_projects/share/yahboom_rosmaster_projects/models/cardboard_box/meshes/cardboard_box.dae
[0.438s] -- Up-to-date symlink: /home/zanef/ros2_ws/install/yahboom_rosmaster_projects/share/yahboom_rosmaster_projects/models/cardboard_box/meshes/cardboard_box.dae:Zone.Identifier
[0.438s] -- Up-to-date symlink: /home/zanef/ros2_ws/install/yahboom_rosmaster_projects/share/yahboom_rosmaster_projects/models/cardboard_box/meshes/cardboard_box.dae:Zone.Identifier:Zone.Identifier
[0.439s] -- Up-to-date symlink: /home/zanef/ros2_ws/install/yahboom_rosmaster_projects/share/yahboom_rosmaster_projects/models/cardboard_box/model.config
[0.439s] -- Up-to-date symlink: /home/zanef/ros2_ws/install/yahboom_rosmaster_projects/share/yahboom_rosmaster_projects/models/cardboard_box/model.config:Zone.Identifier
[0.440s] -- Up-to-date symlink: /home/zanef/ros2_ws/install/yahboom_rosmaster_projects/share/yahboom_rosmaster_projects/models/cardboard_box/model.config:Zone.Identifier:Zone.Identifier
[0.440s] -- Up-to-date symlink: /home/zanef/ros2_ws/install/yahboom_rosmaster_projects/share/yahboom_rosmaster_projects/models/cardboard_box/model.sdf
[0.440s] -- Up-to-date symlink: /home/zanef/ros2_ws/install/yahboom_rosmaster_projects/share/yahboom_rosmaster_projects/models/cardboard_box/model.sdf:Zone.Identifier
[0.441s] -- Up-to-date symlink: /home/zanef/ros2_ws/install/yahboom_rosmaster_projects/share/yahboom_rosmaster_projects/models/cardboard_box/model.sdf:Zone.Identifier:Zone.Identifier
[0.441s] -- Up-to-date symlink: /home/zanef/ros2_ws/install/yahboom_rosmaster_projects/share/yahboom_rosmaster_projects/models/first_2015_trash_can/meshes/trash_can.dae
[0.441s] -- Up-to-date symlink: /home/zanef/ros2_ws/install/yahboom_rosmaster_projects/share/yahboom_rosmaster_projects/models/first_2015_trash_can/meshes/trash_can.dae:Zone.Identifier
[0.442s] -- Up-to-date symlink: /home/zanef/ros2_ws/install/yahboom_rosmaster_projects/share/yahboom_rosmaster_projects/models/first_2015_trash_can/model.config
[0.442s] -- Up-to-date symlink: /home/zanef/ros2_ws/install/yahboom_rosmaster_projects/share/yahboom_rosmaster_projects/models/first_2015_trash_can/model.config:Zone.Identifier
[0.442s] -- Up-to-date symlink: /home/zanef/ros2_ws/install/yahboom_rosmaster_projects/share/yahboom_rosmaster_projects/models/first_2015_trash_can/model.sdf
[0.442s] -- Up-to-date symlink: /home/zanef/ros2_ws/install/yahboom_rosmaster_projects/share/yahboom_rosmaster_projects/models/first_2015_trash_can/model.sdf:Zone.Identifier
[0.442s] -- Up-to-date symlink: /home/zanef/ros2_ws/install/yahboom_rosmaster_projects/share/yahboom_rosmaster_projects/models/mailbox/materials/scripts/mailbox.material
[0.442s] -- Up-to-date symlink: /home/zanef/ros2_ws/install/yahboom_rosmaster_projects/share/yahboom_rosmaster_projects/models/mailbox/materials/scripts/mailbox.material:Zone.Identifier
[0.443s] -- Up-to-date symlink: /home/zanef/ros2_ws/install/yahboom_rosmaster_projects/share/yahboom_rosmaster_projects/models/mailbox/materials/textures/Mailbox_Diffuse.png
[0.444s] -- Up-to-date symlink: /home/zanef/ros2_ws/install/yahboom_rosmaster_projects/share/yahboom_rosmaster_projects/models/mailbox/materials/textures/Mailbox_Diffuse.png:Zone.Identifier
[0.444s] -- Up-to-date symlink: /home/zanef/ros2_ws/install/yahboom_rosmaster_projects/share/yahboom_rosmaster_projects/models/mailbox/materials/textures/Mailbox_Diffuse.tga.orig
[0.445s] -- Up-to-date symlink: /home/zanef/ros2_ws/install/yahboom_rosmaster_projects/share/yahboom_rosmaster_projects/models/mailbox/materials/textures/Mailbox_Diffuse.tga.orig:Zone.Identifier
[0.445s] -- Up-to-date symlink: /home/zanef/ros2_ws/install/yahboom_rosmaster_projects/share/yahboom_rosmaster_projects/models/mailbox/materials/textures/Mailbox_Spec.png
[0.446s] -- Up-to-date symlink: /home/zanef/ros2_ws/install/yahboom_rosmaster_projects/share/yahboom_rosmaster_projects/models/mailbox/materials/textures/Mailbox_Spec.png:Zone.Identifier
[0.446s] -- Up-to-date symlink: /home/zanef/ros2_ws/install/yahboom_rosmaster_projects/share/yahboom_rosmaster_projects/models/mailbox/meshes/mailbox.dae
[0.447s] -- Up-to-date symlink: /home/zanef/ros2_ws/install/yahboom_rosmaster_projects/share/yahboom_rosmaster_projects/models/mailbox/meshes/mailbox.dae:Zone.Identifier
[0.447s] -- Up-to-date symlink: /home/zanef/ros2_ws/install/yahboom_rosmaster_projects/share/yahboom_rosmaster_projects/models/mailbox/model-1_3.sdf
[0.447s] -- Up-to-date symlink: /home/zanef/ros2_ws/install/yahboom_rosmaster_projects/share/yahboom_rosmaster_projects/models/mailbox/model-1_3.sdf:Zone.Identifier
[0.448s] -- Up-to-date symlink: /home/zanef/ros2_ws/install/yahboom_rosmaster_projects/share/yahboom_rosmaster_projects/models/mailbox/model-1_4.sdf
[0.448s] -- Up-to-date symlink: /home/zanef/ros2_ws/install/yahboom_rosmaster_projects/share/yahboom_rosmaster_projects/models/mailbox/model-1_4.sdf:Zone.Identifier
[0.448s] -- Up-to-date symlink: /home/zanef/ros2_ws/install/yahboom_rosmaster_projects/share/yahboom_rosmaster_projects/models/mailbox/model.config
[0.449s] -- Up-to-date symlink: /home/zanef/ros2_ws/install/yahboom_rosmaster_projects/share/yahboom_rosmaster_projects/models/mailbox/model.config:Zone.Identifier
[0.449s] -- Up-to-date symlink: /home/zanef/ros2_ws/install/yahboom_rosmaster_projects/share/yahboom_rosmaster_projects/models/mailbox/model.sdf
[0.449s] -- Up-to-date symlink: /home/zanef/ros2_ws/install/yahboom_rosmaster_projects/share/yahboom_rosmaster_projects/models/mailbox/model.sdf:Zone.Identifier
[0.450s] -- Up-to-date symlink: /home/zanef/ros2_ws/install/yahboom_rosmaster_projects/share/yahboom_rosmaster_projects/models/table/model-1_2.sdf
[0.450s] -- Up-to-date symlink: /home/zanef/ros2_ws/install/yahboom_rosmaster_projects/share/yahboom_rosmaster_projects/models/table/model-1_2.sdf:Zone.Identifier
[0.450s] -- Up-to-date symlink: /home/zanef/ros2_ws/install/yahboom_rosmaster_projects/share/yahboom_rosmaster_projects/models/table/model-1_2.sdf:Zone.Identifier:Zone.Identifier
[0.451s] -- Up-to-date symlink: /home/zanef/ros2_ws/install/yahboom_rosmaster_projects/share/yahboom_rosmaster_projects/models/table/model-1_3.sdf
[0.451s] -- Up-to-date symlink: /home/zanef/ros2_ws/install/yahboom_rosmaster_projects/share/yahboom_rosmaster_projects/models/table/model-1_3.sdf:Zone.Identifier
[0.451s] -- Up-to-date symlink: /home/zanef/ros2_ws/install/yahboom_rosmaster_projects/share/yahboom_rosmaster_projects/models/table/model-1_3.sdf:Zone.Identifier:Zone.Identifier
[0.451s] -- Up-to-date symlink: /home/zanef/ros2_ws/install/yahboom_rosmaster_projects/share/yahboom_rosmaster_projects/models/table/model-1_4.sdf
[0.451s] -- Up-to-date symlink: /home/zanef/ros2_ws/install/yahboom_rosmaster_projects/share/yahboom_rosmaster_projects/models/table/model-1_4.sdf:Zone.Identifier
[0.452s] -- Up-to-date symlink: /home/zanef/ros2_ws/install/yahboom_rosmaster_projects/share/yahboom_rosmaster_projects/models/table/model-1_4.sdf:Zone.Identifier:Zone.Identifier
[0.452s] -- Up-to-date symlink: /home/zanef/ros2_ws/install/yahboom_rosmaster_projects/share/yahboom_rosmaster_projects/models/table/model.config
[0.453s] -- Up-to-date symlink: /home/zanef/ros2_ws/install/yahboom_rosmaster_projects/share/yahboom_rosmaster_projects/models/table/model.config:Zone.Identifier
[0.453s] -- Up-to-date symlink: /home/zanef/ros2_ws/install/yahboom_rosmaster_projects/share/yahboom_rosmaster_projects/models/table/model.config:Zone.Identifier:Zone.Identifier
[0.454s] -- Up-to-date symlink: /home/zanef/ros2_ws/install/yahboom_rosmaster_projects/share/yahboom_rosmaster_projects/models/table/model.sdf
[0.455s] -- Up-to-date symlink: /home/zanef/ros2_ws/install/yahboom_rosmaster_projects/share/yahboom_rosmaster_projects/models/table/model.sdf:Zone.Identifier
[0.455s] -- Up-to-date symlink: /home/zanef/ros2_ws/install/yahboom_rosmaster_projects/share/yahboom_rosmaster_projects/models/table/model.sdf:Zone.Identifier:Zone.Identifier
[0.455s] -- Up-to-date symlink: /home/zanef/ros2_ws/install/yahboom_rosmaster_projects/lib/yahboom_rosmaster_projects/ground_truth_extractor.py
[0.456s] -- Up-to-date symlink: /home/zanef/ros2_ws/install/yahboom_rosmaster_projects/lib/yahboom_rosmaster_projects/openloop_control.py
[0.456s] -- Up-to-date symlink: /home/zanef/ros2_ws/install/yahboom_rosmaster_projects/lib/yahboom_rosmaster_projects/ppa.py
[0.457s] -- Up-to-date symlink: /home/zanef/ros2_ws/install/yahboom_rosmaster_projects/lib/yahboom_rosmaster_projects/frontier_exp.py
[0.463s] Invoked command in '/home/zanef/ros2_ws/build/yahboom_rosmaster_projects' returned '0': CMAKE_PREFIX_PATH=${CMAKE_PREFIX_PATH}:/opt/ros/jazzy /usr/bin/cmake --install /home/zanef/ros2_ws/build/yahboom_rosmaster_projects
