[1.585s] Invoking command in '/home/zanef/ros2_ws/build/yahboom_rosmaster': CMAKE_PREFIX_PATH=/home/zanef/ros2_ws/install/yahboom_rosmaster_system_tests:/home/zanef/ros2_ws/install/yahboom_rosmaster_navigation:/home/zanef/ros2_ws/install/yahboom_rosmaster_msgs:/home/zanef/ros2_ws/install/yahboom_rosmaster_localization:/home/zanef/ros2_ws/install/yahboom_rosmaster_gazebo:/home/zanef/ros2_ws/install/yahboom_rosmaster_docking:/home/zanef/ros2_ws/install/yahboom_rosmaster_description:/home/zanef/ros2_ws/install/yahboom_rosmaster_bringup:/home/zanef/ros2_ws/install/yahboom_rosmaster:/home/zanef/ros2_ws/install/yahboom_rosmaster_projects:/home/zanef/ros2_ws/install/mecanum_drive_controller:/opt/ros/jazzy/opt/gz_sim_vendor:/opt/ros/jazzy/opt/gz_sensors_vendor:/opt/ros/jazzy/opt/gz_physics_vendor:/opt/ros/jazzy/opt/sdformat_vendor:/opt/ros/jazzy/opt/gz_gui_vendor:/opt/ros/jazzy/opt/gz_transport_vendor:/opt/ros/jazzy/opt/gz_rendering_vendor:/opt/ros/jazzy/opt/gz_plugin_vendor:/opt/ros/jazzy/opt/gz_fuel_tools_vendor:/opt/ros/jazzy/opt/gz_msgs_vendor:/opt/ros/jazzy/opt/gz_common_vendor:/opt/ros/jazzy/opt/gz_math_vendor:/opt/ros/jazzy/opt/gz_utils_vendor:/opt/ros/jazzy/opt/gz_tools_vendor:/opt/ros/jazzy/opt/gz_ogre_next_vendor:/opt/ros/jazzy/opt/gz_dartsim_vendor:/opt/ros/jazzy/opt/gz_cmake_vendor:/opt/ros/jazzy /usr/bin/cmake --build /home/zanef/ros2_ws/build/yahboom_rosmaster -- -j12 -l12
[1.620s] -- Found ament_cmake: 2.5.5 (/opt/ros/jazzy/share/ament_cmake/cmake)
[1.985s] -- Override CMake install command with custom implementation using symlinks instead of copying resources
[1.996s] -- Found ament_lint_auto: 0.17.4 (/opt/ros/jazzy/share/ament_lint_auto/cmake)
[2.129s] -- Added test 'lint_cmake' to check CMake code style
[2.131s] -- Added test 'xmllint' to check XML markup files
[2.136s] -- Configuring done (0.5s)
[2.155s] -- Generating done (0.0s)
[2.158s] -- Build files have been written to: /home/zanef/ros2_ws/build/yahboom_rosmaster
[2.195s] Invoked command in '/home/zanef/ros2_ws/build/yahboom_rosmaster' returned '0': CMAKE_PREFIX_PATH=/home/zanef/ros2_ws/install/yahboom_rosmaster_system_tests:/home/zanef/ros2_ws/install/yahboom_rosmaster_navigation:/home/zanef/ros2_ws/install/yahboom_rosmaster_msgs:/home/zanef/ros2_ws/install/yahboom_rosmaster_localization:/home/zanef/ros2_ws/install/yahboom_rosmaster_gazebo:/home/zanef/ros2_ws/install/yahboom_rosmaster_docking:/home/zanef/ros2_ws/install/yahboom_rosmaster_description:/home/zanef/ros2_ws/install/yahboom_rosmaster_bringup:/home/zanef/ros2_ws/install/yahboom_rosmaster:/home/zanef/ros2_ws/install/yahboom_rosmaster_projects:/home/zanef/ros2_ws/install/mecanum_drive_controller:/opt/ros/jazzy/opt/gz_sim_vendor:/opt/ros/jazzy/opt/gz_sensors_vendor:/opt/ros/jazzy/opt/gz_physics_vendor:/opt/ros/jazzy/opt/sdformat_vendor:/opt/ros/jazzy/opt/gz_gui_vendor:/opt/ros/jazzy/opt/gz_transport_vendor:/opt/ros/jazzy/opt/gz_rendering_vendor:/opt/ros/jazzy/opt/gz_plugin_vendor:/opt/ros/jazzy/opt/gz_fuel_tools_vendor:/opt/ros/jazzy/opt/gz_msgs_vendor:/opt/ros/jazzy/opt/gz_common_vendor:/opt/ros/jazzy/opt/gz_math_vendor:/opt/ros/jazzy/opt/gz_utils_vendor:/opt/ros/jazzy/opt/gz_tools_vendor:/opt/ros/jazzy/opt/gz_ogre_next_vendor:/opt/ros/jazzy/opt/gz_dartsim_vendor:/opt/ros/jazzy/opt/gz_cmake_vendor:/opt/ros/jazzy /usr/bin/cmake --build /home/zanef/ros2_ws/build/yahboom_rosmaster -- -j12 -l12
[2.198s] Invoking command in '/home/zanef/ros2_ws/build/yahboom_rosmaster': CMAKE_PREFIX_PATH=/home/zanef/ros2_ws/install/yahboom_rosmaster_system_tests:/home/zanef/ros2_ws/install/yahboom_rosmaster_navigation:/home/zanef/ros2_ws/install/yahboom_rosmaster_msgs:/home/zanef/ros2_ws/install/yahboom_rosmaster_localization:/home/zanef/ros2_ws/install/yahboom_rosmaster_gazebo:/home/zanef/ros2_ws/install/yahboom_rosmaster_docking:/home/zanef/ros2_ws/install/yahboom_rosmaster_description:/home/zanef/ros2_ws/install/yahboom_rosmaster_bringup:/home/zanef/ros2_ws/install/yahboom_rosmaster:/home/zanef/ros2_ws/install/yahboom_rosmaster_projects:/home/zanef/ros2_ws/install/mecanum_drive_controller:/opt/ros/jazzy/opt/gz_sim_vendor:/opt/ros/jazzy/opt/gz_sensors_vendor:/opt/ros/jazzy/opt/gz_physics_vendor:/opt/ros/jazzy/opt/sdformat_vendor:/opt/ros/jazzy/opt/gz_gui_vendor:/opt/ros/jazzy/opt/gz_transport_vendor:/opt/ros/jazzy/opt/gz_rendering_vendor:/opt/ros/jazzy/opt/gz_plugin_vendor:/opt/ros/jazzy/opt/gz_fuel_tools_vendor:/opt/ros/jazzy/opt/gz_msgs_vendor:/opt/ros/jazzy/opt/gz_common_vendor:/opt/ros/jazzy/opt/gz_math_vendor:/opt/ros/jazzy/opt/gz_utils_vendor:/opt/ros/jazzy/opt/gz_tools_vendor:/opt/ros/jazzy/opt/gz_ogre_next_vendor:/opt/ros/jazzy/opt/gz_dartsim_vendor:/opt/ros/jazzy/opt/gz_cmake_vendor:/opt/ros/jazzy /usr/bin/cmake --install /home/zanef/ros2_ws/build/yahboom_rosmaster
[2.211s] -- Install configuration: ""
[2.212s] -- Execute custom install script
[2.212s] -- Up-to-date symlink: /home/zanef/ros2_ws/install/yahboom_rosmaster/share/ament_index/resource_index/package_run_dependencies/yahboom_rosmaster
[2.212s] -- Up-to-date symlink: /home/zanef/ros2_ws/install/yahboom_rosmaster/share/ament_index/resource_index/parent_prefix_path/yahboom_rosmaster
[2.213s] -- Up-to-date symlink: /home/zanef/ros2_ws/install/yahboom_rosmaster/share/yahboom_rosmaster/environment/ament_prefix_path.sh
[2.213s] -- Up-to-date symlink: /home/zanef/ros2_ws/install/yahboom_rosmaster/share/yahboom_rosmaster/environment/ament_prefix_path.dsv
[2.214s] -- Up-to-date symlink: /home/zanef/ros2_ws/install/yahboom_rosmaster/share/yahboom_rosmaster/environment/path.sh
[2.214s] -- Up-to-date symlink: /home/zanef/ros2_ws/install/yahboom_rosmaster/share/yahboom_rosmaster/environment/path.dsv
[2.214s] -- Up-to-date symlink: /home/zanef/ros2_ws/install/yahboom_rosmaster/share/yahboom_rosmaster/local_setup.bash
[2.215s] -- Up-to-date symlink: /home/zanef/ros2_ws/install/yahboom_rosmaster/share/yahboom_rosmaster/local_setup.sh
[2.215s] -- Up-to-date symlink: /home/zanef/ros2_ws/install/yahboom_rosmaster/share/yahboom_rosmaster/local_setup.zsh
[2.215s] -- Up-to-date symlink: /home/zanef/ros2_ws/install/yahboom_rosmaster/share/yahboom_rosmaster/local_setup.dsv
[2.215s] -- Symlinking: /home/zanef/ros2_ws/install/yahboom_rosmaster/share/yahboom_rosmaster/package.dsv
[2.232s] -- Up-to-date symlink: /home/zanef/ros2_ws/install/yahboom_rosmaster/share/ament_index/resource_index/packages/yahboom_rosmaster
[2.233s] -- Up-to-date symlink: /home/zanef/ros2_ws/install/yahboom_rosmaster/share/yahboom_rosmaster/cmake/yahboom_rosmasterConfig.cmake
[2.233s] -- Up-to-date symlink: /home/zanef/ros2_ws/install/yahboom_rosmaster/share/yahboom_rosmaster/cmake/yahboom_rosmasterConfig-version.cmake
[2.233s] -- Up-to-date symlink: /home/zanef/ros2_ws/install/yahboom_rosmaster/share/yahboom_rosmaster/package.xml
[2.236s] Invoked command in '/home/zanef/ros2_ws/build/yahboom_rosmaster' returned '0': CMAKE_PREFIX_PATH=/home/zanef/ros2_ws/install/yahboom_rosmaster_system_tests:/home/zanef/ros2_ws/install/yahboom_rosmaster_navigation:/home/zanef/ros2_ws/install/yahboom_rosmaster_msgs:/home/zanef/ros2_ws/install/yahboom_rosmaster_localization:/home/zanef/ros2_ws/install/yahboom_rosmaster_gazebo:/home/zanef/ros2_ws/install/yahboom_rosmaster_docking:/home/zanef/ros2_ws/install/yahboom_rosmaster_description:/home/zanef/ros2_ws/install/yahboom_rosmaster_bringup:/home/zanef/ros2_ws/install/yahboom_rosmaster:/home/zanef/ros2_ws/install/yahboom_rosmaster_projects:/home/zanef/ros2_ws/install/mecanum_drive_controller:/opt/ros/jazzy/opt/gz_sim_vendor:/opt/ros/jazzy/opt/gz_sensors_vendor:/opt/ros/jazzy/opt/gz_physics_vendor:/opt/ros/jazzy/opt/sdformat_vendor:/opt/ros/jazzy/opt/gz_gui_vendor:/opt/ros/jazzy/opt/gz_transport_vendor:/opt/ros/jazzy/opt/gz_rendering_vendor:/opt/ros/jazzy/opt/gz_plugin_vendor:/opt/ros/jazzy/opt/gz_fuel_tools_vendor:/opt/ros/jazzy/opt/gz_msgs_vendor:/opt/ros/jazzy/opt/gz_common_vendor:/opt/ros/jazzy/opt/gz_math_vendor:/opt/ros/jazzy/opt/gz_utils_vendor:/opt/ros/jazzy/opt/gz_tools_vendor:/opt/ros/jazzy/opt/gz_ogre_next_vendor:/opt/ros/jazzy/opt/gz_dartsim_vendor:/opt/ros/jazzy/opt/gz_cmake_vendor:/opt/ros/jazzy /usr/bin/cmake --install /home/zanef/ros2_ws/build/yahboom_rosmaster
